ERROR - 2023-10-03 20:39:43 --> mysqli_sql_exception: Column 'height' cannot be null in /var/www/vhosts/saubolmed.kz/lab.saubolmed.kz/system/Database/MySQLi/Connection.php:295
Stack trace:
#0 /var/www/vhosts/saubolmed.kz/lab.saubolmed.kz/system/Database/MySQLi/Connection.php(295): mysqli->query('INSERT INTO `He...', 0)
#1 /var/www/vhosts/saubolmed.kz/lab.saubolmed.kz/system/Database/BaseConnection.php(692): CodeIgniter\Database\MySQLi\Connection->execute('INSERT INTO `He...')
#2 /var/www/vhosts/saubolmed.kz/lab.saubolmed.kz/system/Database/BaseConnection.php(606): CodeIgniter\Database\BaseConnection->simpleQuery('INSERT INTO `He...')
#3 /var/www/vhosts/saubolmed.kz/lab.saubolmed.kz/system/Database/BaseBuilder.php(2309): CodeIgniter\Database\BaseConnection->query('INSERT INTO `He...', Array, false)
#4 /var/www/vhosts/saubolmed.kz/lab.saubolmed.kz/system/Model.php(330): CodeIgniter\Database\BaseBuilder->insert()
#5 /var/www/vhosts/saubolmed.kz/lab.saubolmed.kz/system/BaseModel.php(782): CodeIgniter\Model->doInsert(Array)
#6 /var/www/vhosts/saubolmed.kz/lab.saubolmed.kz/system/Model.php(730): CodeIgniter\BaseModel->insert(Array, true)
#7 /var/www/vhosts/saubolmed.kz/lab.saubolmed.kz/app/Controllers/Heights.php(51): CodeIgniter\Model->insert(Array)
#8 /var/www/vhosts/saubolmed.kz/lab.saubolmed.kz/system/CodeIgniter.php(932): App\Controllers\Heights->saveOne()
#9 /var/www/vhosts/saubolmed.kz/lab.saubolmed.kz/system/CodeIgniter.php(497): CodeIgniter\CodeIgniter->runController(Object(App\Controllers\Heights))
#10 /var/www/vhosts/saubolmed.kz/lab.saubolmed.kz/system/CodeIgniter.php(366): CodeIgniter\CodeIgniter->handleRequest(NULL, Object(Config\Cache), false)
#11 /var/www/vhosts/saubolmed.kz/lab.saubolmed.kz/public/index.php(67): CodeIgniter\CodeIgniter->run()
#12 {main}
CRITICAL - 2023-10-03 20:39:43 --> Column 'height' cannot be null
in SYSTEMPATH/Database/MySQLi/Connection.php on line 295.
 1 SYSTEMPATH/Database/MySQLi/Connection.php(295): mysqli->query('INSERT INTO `Heights` (`height`, `patient_iin`, `created_at`, `updated_at`) VALUES (NULL, \'830430350473\', \'2023-10-03 20:39:43\', \'2023-10-03 20:39:43\')', 0)
 2 SYSTEMPATH/Database/BaseConnection.php(692): CodeIgniter\Database\MySQLi\Connection->execute('INSERT INTO `Heights` (`height`, `patient_iin`, `created_at`, `updated_at`) VALUES (NULL, \'830430350473\', \'2023-10-03 20:39:43\', \'2023-10-03 20:39:43\')')
 3 SYSTEMPATH/Database/BaseConnection.php(606): CodeIgniter\Database\BaseConnection->simpleQuery('INSERT INTO `Heights` (`height`, `patient_iin`, `created_at`, `updated_at`) VALUES (NULL, \'830430350473\', \'2023-10-03 20:39:43\', \'2023-10-03 20:39:43\')')
 4 SYSTEMPATH/Database/BaseBuilder.php(2309): CodeIgniter\Database\BaseConnection->query('INSERT INTO `Heights` (`height`, `patient_iin`, `created_at`, `updated_at`) VALUES (:height:, :patient_iin:, :created_at:, :updated_at:)', [...], false)
 5 SYSTEMPATH/Model.php(330): CodeIgniter\Database\BaseBuilder->insert()
 6 SYSTEMPATH/BaseModel.php(782): CodeIgniter\Model->doInsert([...])
 7 SYSTEMPATH/Model.php(730): CodeIgniter\BaseModel->insert([...], true)
 8 APPPATH/Controllers/Heights.php(51): CodeIgniter\Model->insert([...])
 9 SYSTEMPATH/CodeIgniter.php(932): App\Controllers\Heights->saveOne()
10 SYSTEMPATH/CodeIgniter.php(497): CodeIgniter\CodeIgniter->runController(Object(App\Controllers\Heights))
11 SYSTEMPATH/CodeIgniter.php(366): CodeIgniter\CodeIgniter->handleRequest(null, Object(Config\Cache), false)
12 FCPATH/index.php(67): CodeIgniter\CodeIgniter->run()
ERROR - 2023-10-03 20:39:43 --> mysqli_sql_exception: Column 'weight' cannot be null in /var/www/vhosts/saubolmed.kz/lab.saubolmed.kz/system/Database/MySQLi/Connection.php:295
Stack trace:
#0 /var/www/vhosts/saubolmed.kz/lab.saubolmed.kz/system/Database/MySQLi/Connection.php(295): mysqli->query('INSERT INTO `We...', 0)
#1 /var/www/vhosts/saubolmed.kz/lab.saubolmed.kz/system/Database/BaseConnection.php(692): CodeIgniter\Database\MySQLi\Connection->execute('INSERT INTO `We...')
#2 /var/www/vhosts/saubolmed.kz/lab.saubolmed.kz/system/Database/BaseConnection.php(606): CodeIgniter\Database\BaseConnection->simpleQuery('INSERT INTO `We...')
#3 /var/www/vhosts/saubolmed.kz/lab.saubolmed.kz/system/Database/BaseBuilder.php(2309): CodeIgniter\Database\BaseConnection->query('INSERT INTO `We...', Array, false)
#4 /var/www/vhosts/saubolmed.kz/lab.saubolmed.kz/system/Model.php(330): CodeIgniter\Database\BaseBuilder->insert()
#5 /var/www/vhosts/saubolmed.kz/lab.saubolmed.kz/system/BaseModel.php(782): CodeIgniter\Model->doInsert(Array)
#6 /var/www/vhosts/saubolmed.kz/lab.saubolmed.kz/system/Model.php(730): CodeIgniter\BaseModel->insert(Array, true)
#7 /var/www/vhosts/saubolmed.kz/lab.saubolmed.kz/app/Controllers/Weights.php(51): CodeIgniter\Model->insert(Array)
#8 /var/www/vhosts/saubolmed.kz/lab.saubolmed.kz/system/CodeIgniter.php(932): App\Controllers\Weights->saveOne()
#9 /var/www/vhosts/saubolmed.kz/lab.saubolmed.kz/system/CodeIgniter.php(497): CodeIgniter\CodeIgniter->runController(Object(App\Controllers\Weights))
#10 /var/www/vhosts/saubolmed.kz/lab.saubolmed.kz/system/CodeIgniter.php(366): CodeIgniter\CodeIgniter->handleRequest(NULL, Object(Config\Cache), false)
#11 /var/www/vhosts/saubolmed.kz/lab.saubolmed.kz/public/index.php(67): CodeIgniter\CodeIgniter->run()
#12 {main}
CRITICAL - 2023-10-03 20:39:43 --> Column 'weight' cannot be null
in SYSTEMPATH/Database/MySQLi/Connection.php on line 295.
 1 SYSTEMPATH/Database/MySQLi/Connection.php(295): mysqli->query('INSERT INTO `Weights` (`weight`, `patient_iin`, `created_at`, `updated_at`) VALUES (NULL, \'830430350473\', \'2023-10-03 20:39:43\', \'2023-10-03 20:39:43\')', 0)
 2 SYSTEMPATH/Database/BaseConnection.php(692): CodeIgniter\Database\MySQLi\Connection->execute('INSERT INTO `Weights` (`weight`, `patient_iin`, `created_at`, `updated_at`) VALUES (NULL, \'830430350473\', \'2023-10-03 20:39:43\', \'2023-10-03 20:39:43\')')
 3 SYSTEMPATH/Database/BaseConnection.php(606): CodeIgniter\Database\BaseConnection->simpleQuery('INSERT INTO `Weights` (`weight`, `patient_iin`, `created_at`, `updated_at`) VALUES (NULL, \'830430350473\', \'2023-10-03 20:39:43\', \'2023-10-03 20:39:43\')')
 4 SYSTEMPATH/Database/BaseBuilder.php(2309): CodeIgniter\Database\BaseConnection->query('INSERT INTO `Weights` (`weight`, `patient_iin`, `created_at`, `updated_at`) VALUES (:weight:, :patient_iin:, :created_at:, :updated_at:)', [...], false)
 5 SYSTEMPATH/Model.php(330): CodeIgniter\Database\BaseBuilder->insert()
 6 SYSTEMPATH/BaseModel.php(782): CodeIgniter\Model->doInsert([...])
 7 SYSTEMPATH/Model.php(730): CodeIgniter\BaseModel->insert([...], true)
 8 APPPATH/Controllers/Weights.php(51): CodeIgniter\Model->insert([...])
 9 SYSTEMPATH/CodeIgniter.php(932): App\Controllers\Weights->saveOne()
10 SYSTEMPATH/CodeIgniter.php(497): CodeIgniter\CodeIgniter->runController(Object(App\Controllers\Weights))
11 SYSTEMPATH/CodeIgniter.php(366): CodeIgniter\CodeIgniter->handleRequest(null, Object(Config\Cache), false)
12 FCPATH/index.php(67): CodeIgniter\CodeIgniter->run()
ERROR - 2023-10-03 20:47:48 --> mysqli_sql_exception: Column 'height' cannot be null in /var/www/vhosts/saubolmed.kz/lab.saubolmed.kz/system/Database/MySQLi/Connection.php:295
Stack trace:
#0 /var/www/vhosts/saubolmed.kz/lab.saubolmed.kz/system/Database/MySQLi/Connection.php(295): mysqli->query('INSERT INTO `He...', 0)
#1 /var/www/vhosts/saubolmed.kz/lab.saubolmed.kz/system/Database/BaseConnection.php(692): CodeIgniter\Database\MySQLi\Connection->execute('INSERT INTO `He...')
#2 /var/www/vhosts/saubolmed.kz/lab.saubolmed.kz/system/Database/BaseConnection.php(606): CodeIgniter\Database\BaseConnection->simpleQuery('INSERT INTO `He...')
#3 /var/www/vhosts/saubolmed.kz/lab.saubolmed.kz/system/Database/BaseBuilder.php(2309): CodeIgniter\Database\BaseConnection->query('INSERT INTO `He...', Array, false)
#4 /var/www/vhosts/saubolmed.kz/lab.saubolmed.kz/system/Model.php(330): CodeIgniter\Database\BaseBuilder->insert()
#5 /var/www/vhosts/saubolmed.kz/lab.saubolmed.kz/system/BaseModel.php(782): CodeIgniter\Model->doInsert(Array)
#6 /var/www/vhosts/saubolmed.kz/lab.saubolmed.kz/system/Model.php(730): CodeIgniter\BaseModel->insert(Array, true)
#7 /var/www/vhosts/saubolmed.kz/lab.saubolmed.kz/app/Controllers/Heights.php(51): CodeIgniter\Model->insert(Array)
#8 /var/www/vhosts/saubolmed.kz/lab.saubolmed.kz/system/CodeIgniter.php(932): App\Controllers\Heights->saveOne()
#9 /var/www/vhosts/saubolmed.kz/lab.saubolmed.kz/system/CodeIgniter.php(497): CodeIgniter\CodeIgniter->runController(Object(App\Controllers\Heights))
#10 /var/www/vhosts/saubolmed.kz/lab.saubolmed.kz/system/CodeIgniter.php(366): CodeIgniter\CodeIgniter->handleRequest(NULL, Object(Config\Cache), false)
#11 /var/www/vhosts/saubolmed.kz/lab.saubolmed.kz/public/index.php(67): CodeIgniter\CodeIgniter->run()
#12 {main}
CRITICAL - 2023-10-03 20:47:48 --> Column 'height' cannot be null
in SYSTEMPATH/Database/MySQLi/Connection.php on line 295.
 1 SYSTEMPATH/Database/MySQLi/Connection.php(295): mysqli->query('INSERT INTO `Heights` (`height`, `patient_iin`, `created_at`, `updated_at`) VALUES (NULL, \'830430350473\', \'2023-10-03 20:47:48\', \'2023-10-03 20:47:48\')', 0)
 2 SYSTEMPATH/Database/BaseConnection.php(692): CodeIgniter\Database\MySQLi\Connection->execute('INSERT INTO `Heights` (`height`, `patient_iin`, `created_at`, `updated_at`) VALUES (NULL, \'830430350473\', \'2023-10-03 20:47:48\', \'2023-10-03 20:47:48\')')
 3 SYSTEMPATH/Database/BaseConnection.php(606): CodeIgniter\Database\BaseConnection->simpleQuery('INSERT INTO `Heights` (`height`, `patient_iin`, `created_at`, `updated_at`) VALUES (NULL, \'830430350473\', \'2023-10-03 20:47:48\', \'2023-10-03 20:47:48\')')
 4 SYSTEMPATH/Database/BaseBuilder.php(2309): CodeIgniter\Database\BaseConnection->query('INSERT INTO `Heights` (`height`, `patient_iin`, `created_at`, `updated_at`) VALUES (:height:, :patient_iin:, :created_at:, :updated_at:)', [...], false)
 5 SYSTEMPATH/Model.php(330): CodeIgniter\Database\BaseBuilder->insert()
 6 SYSTEMPATH/BaseModel.php(782): CodeIgniter\Model->doInsert([...])
 7 SYSTEMPATH/Model.php(730): CodeIgniter\BaseModel->insert([...], true)
 8 APPPATH/Controllers/Heights.php(51): CodeIgniter\Model->insert([...])
 9 SYSTEMPATH/CodeIgniter.php(932): App\Controllers\Heights->saveOne()
10 SYSTEMPATH/CodeIgniter.php(497): CodeIgniter\CodeIgniter->runController(Object(App\Controllers\Heights))
11 SYSTEMPATH/CodeIgniter.php(366): CodeIgniter\CodeIgniter->handleRequest(null, Object(Config\Cache), false)
12 FCPATH/index.php(67): CodeIgniter\CodeIgniter->run()
ERROR - 2023-10-03 20:47:48 --> mysqli_sql_exception: Column 'weight' cannot be null in /var/www/vhosts/saubolmed.kz/lab.saubolmed.kz/system/Database/MySQLi/Connection.php:295
Stack trace:
#0 /var/www/vhosts/saubolmed.kz/lab.saubolmed.kz/system/Database/MySQLi/Connection.php(295): mysqli->query('INSERT INTO `We...', 0)
#1 /var/www/vhosts/saubolmed.kz/lab.saubolmed.kz/system/Database/BaseConnection.php(692): CodeIgniter\Database\MySQLi\Connection->execute('INSERT INTO `We...')
#2 /var/www/vhosts/saubolmed.kz/lab.saubolmed.kz/system/Database/BaseConnection.php(606): CodeIgniter\Database\BaseConnection->simpleQuery('INSERT INTO `We...')
#3 /var/www/vhosts/saubolmed.kz/lab.saubolmed.kz/system/Database/BaseBuilder.php(2309): CodeIgniter\Database\BaseConnection->query('INSERT INTO `We...', Array, false)
#4 /var/www/vhosts/saubolmed.kz/lab.saubolmed.kz/system/Model.php(330): CodeIgniter\Database\BaseBuilder->insert()
#5 /var/www/vhosts/saubolmed.kz/lab.saubolmed.kz/system/BaseModel.php(782): CodeIgniter\Model->doInsert(Array)
#6 /var/www/vhosts/saubolmed.kz/lab.saubolmed.kz/system/Model.php(730): CodeIgniter\BaseModel->insert(Array, true)
#7 /var/www/vhosts/saubolmed.kz/lab.saubolmed.kz/app/Controllers/Weights.php(51): CodeIgniter\Model->insert(Array)
#8 /var/www/vhosts/saubolmed.kz/lab.saubolmed.kz/system/CodeIgniter.php(932): App\Controllers\Weights->saveOne()
#9 /var/www/vhosts/saubolmed.kz/lab.saubolmed.kz/system/CodeIgniter.php(497): CodeIgniter\CodeIgniter->runController(Object(App\Controllers\Weights))
#10 /var/www/vhosts/saubolmed.kz/lab.saubolmed.kz/system/CodeIgniter.php(366): CodeIgniter\CodeIgniter->handleRequest(NULL, Object(Config\Cache), false)
#11 /var/www/vhosts/saubolmed.kz/lab.saubolmed.kz/public/index.php(67): CodeIgniter\CodeIgniter->run()
#12 {main}
CRITICAL - 2023-10-03 20:47:48 --> Column 'weight' cannot be null
in SYSTEMPATH/Database/MySQLi/Connection.php on line 295.
 1 SYSTEMPATH/Database/MySQLi/Connection.php(295): mysqli->query('INSERT INTO `Weights` (`weight`, `patient_iin`, `created_at`, `updated_at`) VALUES (NULL, \'830430350473\', \'2023-10-03 20:47:48\', \'2023-10-03 20:47:48\')', 0)
 2 SYSTEMPATH/Database/BaseConnection.php(692): CodeIgniter\Database\MySQLi\Connection->execute('INSERT INTO `Weights` (`weight`, `patient_iin`, `created_at`, `updated_at`) VALUES (NULL, \'830430350473\', \'2023-10-03 20:47:48\', \'2023-10-03 20:47:48\')')
 3 SYSTEMPATH/Database/BaseConnection.php(606): CodeIgniter\Database\BaseConnection->simpleQuery('INSERT INTO `Weights` (`weight`, `patient_iin`, `created_at`, `updated_at`) VALUES (NULL, \'830430350473\', \'2023-10-03 20:47:48\', \'2023-10-03 20:47:48\')')
 4 SYSTEMPATH/Database/BaseBuilder.php(2309): CodeIgniter\Database\BaseConnection->query('INSERT INTO `Weights` (`weight`, `patient_iin`, `created_at`, `updated_at`) VALUES (:weight:, :patient_iin:, :created_at:, :updated_at:)', [...], false)
 5 SYSTEMPATH/Model.php(330): CodeIgniter\Database\BaseBuilder->insert()
 6 SYSTEMPATH/BaseModel.php(782): CodeIgniter\Model->doInsert([...])
 7 SYSTEMPATH/Model.php(730): CodeIgniter\BaseModel->insert([...], true)
 8 APPPATH/Controllers/Weights.php(51): CodeIgniter\Model->insert([...])
 9 SYSTEMPATH/CodeIgniter.php(932): App\Controllers\Weights->saveOne()
10 SYSTEMPATH/CodeIgniter.php(497): CodeIgniter\CodeIgniter->runController(Object(App\Controllers\Weights))
11 SYSTEMPATH/CodeIgniter.php(366): CodeIgniter\CodeIgniter->handleRequest(null, Object(Config\Cache), false)
12 FCPATH/index.php(67): CodeIgniter\CodeIgniter->run()
CRITICAL - 2023-10-03 20:47:48 --> Updates are not allowed unless they contain a "where" or "like" clause.
in SYSTEMPATH/Model.php on line 391.
 1 SYSTEMPATH/BaseModel.php(943): CodeIgniter\Model->doUpdate(null, [...])
 2 SYSTEMPATH/Model.php(756): CodeIgniter\BaseModel->update(null, [...])
 3 APPPATH/Controllers/Dispancer.php(45): CodeIgniter\Model->update(null, [...])
 4 SYSTEMPATH/CodeIgniter.php(932): App\Controllers\Dispancer->saveOne()
 5 SYSTEMPATH/CodeIgniter.php(497): CodeIgniter\CodeIgniter->runController(Object(App\Controllers\Dispancer))
 6 SYSTEMPATH/CodeIgniter.php(366): CodeIgniter\CodeIgniter->handleRequest(null, Object(Config\Cache), false)
 7 FCPATH/index.php(67): CodeIgniter\CodeIgniter->run()
ERROR - 2023-10-03 20:55:35 --> mysqli_sql_exception: Column 'height' cannot be null in /var/www/vhosts/saubolmed.kz/lab.saubolmed.kz/system/Database/MySQLi/Connection.php:295
Stack trace:
#0 /var/www/vhosts/saubolmed.kz/lab.saubolmed.kz/system/Database/MySQLi/Connection.php(295): mysqli->query('INSERT INTO `He...', 0)
#1 /var/www/vhosts/saubolmed.kz/lab.saubolmed.kz/system/Database/BaseConnection.php(692): CodeIgniter\Database\MySQLi\Connection->execute('INSERT INTO `He...')
#2 /var/www/vhosts/saubolmed.kz/lab.saubolmed.kz/system/Database/BaseConnection.php(606): CodeIgniter\Database\BaseConnection->simpleQuery('INSERT INTO `He...')
#3 /var/www/vhosts/saubolmed.kz/lab.saubolmed.kz/system/Database/BaseBuilder.php(2309): CodeIgniter\Database\BaseConnection->query('INSERT INTO `He...', Array, false)
#4 /var/www/vhosts/saubolmed.kz/lab.saubolmed.kz/system/Model.php(330): CodeIgniter\Database\BaseBuilder->insert()
#5 /var/www/vhosts/saubolmed.kz/lab.saubolmed.kz/system/BaseModel.php(782): CodeIgniter\Model->doInsert(Array)
#6 /var/www/vhosts/saubolmed.kz/lab.saubolmed.kz/system/Model.php(730): CodeIgniter\BaseModel->insert(Array, true)
#7 /var/www/vhosts/saubolmed.kz/lab.saubolmed.kz/app/Controllers/Heights.php(51): CodeIgniter\Model->insert(Array)
#8 /var/www/vhosts/saubolmed.kz/lab.saubolmed.kz/system/CodeIgniter.php(932): App\Controllers\Heights->saveOne()
#9 /var/www/vhosts/saubolmed.kz/lab.saubolmed.kz/system/CodeIgniter.php(497): CodeIgniter\CodeIgniter->runController(Object(App\Controllers\Heights))
#10 /var/www/vhosts/saubolmed.kz/lab.saubolmed.kz/system/CodeIgniter.php(366): CodeIgniter\CodeIgniter->handleRequest(NULL, Object(Config\Cache), false)
#11 /var/www/vhosts/saubolmed.kz/lab.saubolmed.kz/public/index.php(67): CodeIgniter\CodeIgniter->run()
#12 {main}
CRITICAL - 2023-10-03 20:55:35 --> Column 'height' cannot be null
in SYSTEMPATH/Database/MySQLi/Connection.php on line 295.
 1 SYSTEMPATH/Database/MySQLi/Connection.php(295): mysqli->query('INSERT INTO `Heights` (`height`, `patient_iin`, `created_at`, `updated_at`) VALUES (NULL, \'830430350473\', \'2023-10-03 20:55:35\', \'2023-10-03 20:55:35\')', 0)
 2 SYSTEMPATH/Database/BaseConnection.php(692): CodeIgniter\Database\MySQLi\Connection->execute('INSERT INTO `Heights` (`height`, `patient_iin`, `created_at`, `updated_at`) VALUES (NULL, \'830430350473\', \'2023-10-03 20:55:35\', \'2023-10-03 20:55:35\')')
 3 SYSTEMPATH/Database/BaseConnection.php(606): CodeIgniter\Database\BaseConnection->simpleQuery('INSERT INTO `Heights` (`height`, `patient_iin`, `created_at`, `updated_at`) VALUES (NULL, \'830430350473\', \'2023-10-03 20:55:35\', \'2023-10-03 20:55:35\')')
 4 SYSTEMPATH/Database/BaseBuilder.php(2309): CodeIgniter\Database\BaseConnection->query('INSERT INTO `Heights` (`height`, `patient_iin`, `created_at`, `updated_at`) VALUES (:height:, :patient_iin:, :created_at:, :updated_at:)', [...], false)
 5 SYSTEMPATH/Model.php(330): CodeIgniter\Database\BaseBuilder->insert()
 6 SYSTEMPATH/BaseModel.php(782): CodeIgniter\Model->doInsert([...])
 7 SYSTEMPATH/Model.php(730): CodeIgniter\BaseModel->insert([...], true)
 8 APPPATH/Controllers/Heights.php(51): CodeIgniter\Model->insert([...])
 9 SYSTEMPATH/CodeIgniter.php(932): App\Controllers\Heights->saveOne()
10 SYSTEMPATH/CodeIgniter.php(497): CodeIgniter\CodeIgniter->runController(Object(App\Controllers\Heights))
11 SYSTEMPATH/CodeIgniter.php(366): CodeIgniter\CodeIgniter->handleRequest(null, Object(Config\Cache), false)
12 FCPATH/index.php(67): CodeIgniter\CodeIgniter->run()
ERROR - 2023-10-03 20:55:35 --> mysqli_sql_exception: Column 'weight' cannot be null in /var/www/vhosts/saubolmed.kz/lab.saubolmed.kz/system/Database/MySQLi/Connection.php:295
Stack trace:
#0 /var/www/vhosts/saubolmed.kz/lab.saubolmed.kz/system/Database/MySQLi/Connection.php(295): mysqli->query('INSERT INTO `We...', 0)
#1 /var/www/vhosts/saubolmed.kz/lab.saubolmed.kz/system/Database/BaseConnection.php(692): CodeIgniter\Database\MySQLi\Connection->execute('INSERT INTO `We...')
#2 /var/www/vhosts/saubolmed.kz/lab.saubolmed.kz/system/Database/BaseConnection.php(606): CodeIgniter\Database\BaseConnection->simpleQuery('INSERT INTO `We...')
#3 /var/www/vhosts/saubolmed.kz/lab.saubolmed.kz/system/Database/BaseBuilder.php(2309): CodeIgniter\Database\BaseConnection->query('INSERT INTO `We...', Array, false)
#4 /var/www/vhosts/saubolmed.kz/lab.saubolmed.kz/system/Model.php(330): CodeIgniter\Database\BaseBuilder->insert()
#5 /var/www/vhosts/saubolmed.kz/lab.saubolmed.kz/system/BaseModel.php(782): CodeIgniter\Model->doInsert(Array)
#6 /var/www/vhosts/saubolmed.kz/lab.saubolmed.kz/system/Model.php(730): CodeIgniter\BaseModel->insert(Array, true)
#7 /var/www/vhosts/saubolmed.kz/lab.saubolmed.kz/app/Controllers/Weights.php(51): CodeIgniter\Model->insert(Array)
#8 /var/www/vhosts/saubolmed.kz/lab.saubolmed.kz/system/CodeIgniter.php(932): App\Controllers\Weights->saveOne()
#9 /var/www/vhosts/saubolmed.kz/lab.saubolmed.kz/system/CodeIgniter.php(497): CodeIgniter\CodeIgniter->runController(Object(App\Controllers\Weights))
#10 /var/www/vhosts/saubolmed.kz/lab.saubolmed.kz/system/CodeIgniter.php(366): CodeIgniter\CodeIgniter->handleRequest(NULL, Object(Config\Cache), false)
#11 /var/www/vhosts/saubolmed.kz/lab.saubolmed.kz/public/index.php(67): CodeIgniter\CodeIgniter->run()
#12 {main}
CRITICAL - 2023-10-03 20:55:35 --> Column 'weight' cannot be null
in SYSTEMPATH/Database/MySQLi/Connection.php on line 295.
 1 SYSTEMPATH/Database/MySQLi/Connection.php(295): mysqli->query('INSERT INTO `Weights` (`weight`, `patient_iin`, `created_at`, `updated_at`) VALUES (NULL, \'830430350473\', \'2023-10-03 20:55:35\', \'2023-10-03 20:55:35\')', 0)
 2 SYSTEMPATH/Database/BaseConnection.php(692): CodeIgniter\Database\MySQLi\Connection->execute('INSERT INTO `Weights` (`weight`, `patient_iin`, `created_at`, `updated_at`) VALUES (NULL, \'830430350473\', \'2023-10-03 20:55:35\', \'2023-10-03 20:55:35\')')
 3 SYSTEMPATH/Database/BaseConnection.php(606): CodeIgniter\Database\BaseConnection->simpleQuery('INSERT INTO `Weights` (`weight`, `patient_iin`, `created_at`, `updated_at`) VALUES (NULL, \'830430350473\', \'2023-10-03 20:55:35\', \'2023-10-03 20:55:35\')')
 4 SYSTEMPATH/Database/BaseBuilder.php(2309): CodeIgniter\Database\BaseConnection->query('INSERT INTO `Weights` (`weight`, `patient_iin`, `created_at`, `updated_at`) VALUES (:weight:, :patient_iin:, :created_at:, :updated_at:)', [...], false)
 5 SYSTEMPATH/Model.php(330): CodeIgniter\Database\BaseBuilder->insert()
 6 SYSTEMPATH/BaseModel.php(782): CodeIgniter\Model->doInsert([...])
 7 SYSTEMPATH/Model.php(730): CodeIgniter\BaseModel->insert([...], true)
 8 APPPATH/Controllers/Weights.php(51): CodeIgniter\Model->insert([...])
 9 SYSTEMPATH/CodeIgniter.php(932): App\Controllers\Weights->saveOne()
10 SYSTEMPATH/CodeIgniter.php(497): CodeIgniter\CodeIgniter->runController(Object(App\Controllers\Weights))
11 SYSTEMPATH/CodeIgniter.php(366): CodeIgniter\CodeIgniter->handleRequest(null, Object(Config\Cache), false)
12 FCPATH/index.php(67): CodeIgniter\CodeIgniter->run()
ERROR - 2023-10-03 20:56:23 --> mysqli_sql_exception: Column 'height' cannot be null in /var/www/vhosts/saubolmed.kz/lab.saubolmed.kz/system/Database/MySQLi/Connection.php:295
Stack trace:
#0 /var/www/vhosts/saubolmed.kz/lab.saubolmed.kz/system/Database/MySQLi/Connection.php(295): mysqli->query('INSERT INTO `He...', 0)
#1 /var/www/vhosts/saubolmed.kz/lab.saubolmed.kz/system/Database/BaseConnection.php(692): CodeIgniter\Database\MySQLi\Connection->execute('INSERT INTO `He...')
#2 /var/www/vhosts/saubolmed.kz/lab.saubolmed.kz/system/Database/BaseConnection.php(606): CodeIgniter\Database\BaseConnection->simpleQuery('INSERT INTO `He...')
#3 /var/www/vhosts/saubolmed.kz/lab.saubolmed.kz/system/Database/BaseBuilder.php(2309): CodeIgniter\Database\BaseConnection->query('INSERT INTO `He...', Array, false)
#4 /var/www/vhosts/saubolmed.kz/lab.saubolmed.kz/system/Model.php(330): CodeIgniter\Database\BaseBuilder->insert()
#5 /var/www/vhosts/saubolmed.kz/lab.saubolmed.kz/system/BaseModel.php(782): CodeIgniter\Model->doInsert(Array)
#6 /var/www/vhosts/saubolmed.kz/lab.saubolmed.kz/system/Model.php(730): CodeIgniter\BaseModel->insert(Array, true)
#7 /var/www/vhosts/saubolmed.kz/lab.saubolmed.kz/app/Controllers/Heights.php(51): CodeIgniter\Model->insert(Array)
#8 /var/www/vhosts/saubolmed.kz/lab.saubolmed.kz/system/CodeIgniter.php(932): App\Controllers\Heights->saveOne()
#9 /var/www/vhosts/saubolmed.kz/lab.saubolmed.kz/system/CodeIgniter.php(497): CodeIgniter\CodeIgniter->runController(Object(App\Controllers\Heights))
#10 /var/www/vhosts/saubolmed.kz/lab.saubolmed.kz/system/CodeIgniter.php(366): CodeIgniter\CodeIgniter->handleRequest(NULL, Object(Config\Cache), false)
#11 /var/www/vhosts/saubolmed.kz/lab.saubolmed.kz/public/index.php(67): CodeIgniter\CodeIgniter->run()
#12 {main}
CRITICAL - 2023-10-03 20:56:23 --> Column 'height' cannot be null
in SYSTEMPATH/Database/MySQLi/Connection.php on line 295.
 1 SYSTEMPATH/Database/MySQLi/Connection.php(295): mysqli->query('INSERT INTO `Heights` (`height`, `patient_iin`, `created_at`, `updated_at`) VALUES (NULL, \'830430350473\', \'2023-10-03 20:56:23\', \'2023-10-03 20:56:23\')', 0)
 2 SYSTEMPATH/Database/BaseConnection.php(692): CodeIgniter\Database\MySQLi\Connection->execute('INSERT INTO `Heights` (`height`, `patient_iin`, `created_at`, `updated_at`) VALUES (NULL, \'830430350473\', \'2023-10-03 20:56:23\', \'2023-10-03 20:56:23\')')
 3 SYSTEMPATH/Database/BaseConnection.php(606): CodeIgniter\Database\BaseConnection->simpleQuery('INSERT INTO `Heights` (`height`, `patient_iin`, `created_at`, `updated_at`) VALUES (NULL, \'830430350473\', \'2023-10-03 20:56:23\', \'2023-10-03 20:56:23\')')
 4 SYSTEMPATH/Database/BaseBuilder.php(2309): CodeIgniter\Database\BaseConnection->query('INSERT INTO `Heights` (`height`, `patient_iin`, `created_at`, `updated_at`) VALUES (:height:, :patient_iin:, :created_at:, :updated_at:)', [...], false)
 5 SYSTEMPATH/Model.php(330): CodeIgniter\Database\BaseBuilder->insert()
 6 SYSTEMPATH/BaseModel.php(782): CodeIgniter\Model->doInsert([...])
 7 SYSTEMPATH/Model.php(730): CodeIgniter\BaseModel->insert([...], true)
 8 APPPATH/Controllers/Heights.php(51): CodeIgniter\Model->insert([...])
 9 SYSTEMPATH/CodeIgniter.php(932): App\Controllers\Heights->saveOne()
10 SYSTEMPATH/CodeIgniter.php(497): CodeIgniter\CodeIgniter->runController(Object(App\Controllers\Heights))
11 SYSTEMPATH/CodeIgniter.php(366): CodeIgniter\CodeIgniter->handleRequest(null, Object(Config\Cache), false)
12 FCPATH/index.php(67): CodeIgniter\CodeIgniter->run()
ERROR - 2023-10-03 20:56:23 --> mysqli_sql_exception: Column 'weight' cannot be null in /var/www/vhosts/saubolmed.kz/lab.saubolmed.kz/system/Database/MySQLi/Connection.php:295
Stack trace:
#0 /var/www/vhosts/saubolmed.kz/lab.saubolmed.kz/system/Database/MySQLi/Connection.php(295): mysqli->query('INSERT INTO `We...', 0)
#1 /var/www/vhosts/saubolmed.kz/lab.saubolmed.kz/system/Database/BaseConnection.php(692): CodeIgniter\Database\MySQLi\Connection->execute('INSERT INTO `We...')
#2 /var/www/vhosts/saubolmed.kz/lab.saubolmed.kz/system/Database/BaseConnection.php(606): CodeIgniter\Database\BaseConnection->simpleQuery('INSERT INTO `We...')
#3 /var/www/vhosts/saubolmed.kz/lab.saubolmed.kz/system/Database/BaseBuilder.php(2309): CodeIgniter\Database\BaseConnection->query('INSERT INTO `We...', Array, false)
#4 /var/www/vhosts/saubolmed.kz/lab.saubolmed.kz/system/Model.php(330): CodeIgniter\Database\BaseBuilder->insert()
#5 /var/www/vhosts/saubolmed.kz/lab.saubolmed.kz/system/BaseModel.php(782): CodeIgniter\Model->doInsert(Array)
#6 /var/www/vhosts/saubolmed.kz/lab.saubolmed.kz/system/Model.php(730): CodeIgniter\BaseModel->insert(Array, true)
#7 /var/www/vhosts/saubolmed.kz/lab.saubolmed.kz/app/Controllers/Weights.php(51): CodeIgniter\Model->insert(Array)
#8 /var/www/vhosts/saubolmed.kz/lab.saubolmed.kz/system/CodeIgniter.php(932): App\Controllers\Weights->saveOne()
#9 /var/www/vhosts/saubolmed.kz/lab.saubolmed.kz/system/CodeIgniter.php(497): CodeIgniter\CodeIgniter->runController(Object(App\Controllers\Weights))
#10 /var/www/vhosts/saubolmed.kz/lab.saubolmed.kz/system/CodeIgniter.php(366): CodeIgniter\CodeIgniter->handleRequest(NULL, Object(Config\Cache), false)
#11 /var/www/vhosts/saubolmed.kz/lab.saubolmed.kz/public/index.php(67): CodeIgniter\CodeIgniter->run()
#12 {main}
CRITICAL - 2023-10-03 20:56:23 --> Column 'weight' cannot be null
in SYSTEMPATH/Database/MySQLi/Connection.php on line 295.
 1 SYSTEMPATH/Database/MySQLi/Connection.php(295): mysqli->query('INSERT INTO `Weights` (`weight`, `patient_iin`, `created_at`, `updated_at`) VALUES (NULL, \'830430350473\', \'2023-10-03 20:56:23\', \'2023-10-03 20:56:23\')', 0)
 2 SYSTEMPATH/Database/BaseConnection.php(692): CodeIgniter\Database\MySQLi\Connection->execute('INSERT INTO `Weights` (`weight`, `patient_iin`, `created_at`, `updated_at`) VALUES (NULL, \'830430350473\', \'2023-10-03 20:56:23\', \'2023-10-03 20:56:23\')')
 3 SYSTEMPATH/Database/BaseConnection.php(606): CodeIgniter\Database\BaseConnection->simpleQuery('INSERT INTO `Weights` (`weight`, `patient_iin`, `created_at`, `updated_at`) VALUES (NULL, \'830430350473\', \'2023-10-03 20:56:23\', \'2023-10-03 20:56:23\')')
 4 SYSTEMPATH/Database/BaseBuilder.php(2309): CodeIgniter\Database\BaseConnection->query('INSERT INTO `Weights` (`weight`, `patient_iin`, `created_at`, `updated_at`) VALUES (:weight:, :patient_iin:, :created_at:, :updated_at:)', [...], false)
 5 SYSTEMPATH/Model.php(330): CodeIgniter\Database\BaseBuilder->insert()
 6 SYSTEMPATH/BaseModel.php(782): CodeIgniter\Model->doInsert([...])
 7 SYSTEMPATH/Model.php(730): CodeIgniter\BaseModel->insert([...], true)
 8 APPPATH/Controllers/Weights.php(51): CodeIgniter\Model->insert([...])
 9 SYSTEMPATH/CodeIgniter.php(932): App\Controllers\Weights->saveOne()
10 SYSTEMPATH/CodeIgniter.php(497): CodeIgniter\CodeIgniter->runController(Object(App\Controllers\Weights))
11 SYSTEMPATH/CodeIgniter.php(366): CodeIgniter\CodeIgniter->handleRequest(null, Object(Config\Cache), false)
12 FCPATH/index.php(67): CodeIgniter\CodeIgniter->run()
ERROR - 2023-10-03 20:56:53 --> mysqli_sql_exception: Column 'height' cannot be null in /var/www/vhosts/saubolmed.kz/lab.saubolmed.kz/system/Database/MySQLi/Connection.php:295
Stack trace:
#0 /var/www/vhosts/saubolmed.kz/lab.saubolmed.kz/system/Database/MySQLi/Connection.php(295): mysqli->query('INSERT INTO `He...', 0)
#1 /var/www/vhosts/saubolmed.kz/lab.saubolmed.kz/system/Database/BaseConnection.php(692): CodeIgniter\Database\MySQLi\Connection->execute('INSERT INTO `He...')
#2 /var/www/vhosts/saubolmed.kz/lab.saubolmed.kz/system/Database/BaseConnection.php(606): CodeIgniter\Database\BaseConnection->simpleQuery('INSERT INTO `He...')
#3 /var/www/vhosts/saubolmed.kz/lab.saubolmed.kz/system/Database/BaseBuilder.php(2309): CodeIgniter\Database\BaseConnection->query('INSERT INTO `He...', Array, false)
#4 /var/www/vhosts/saubolmed.kz/lab.saubolmed.kz/system/Model.php(330): CodeIgniter\Database\BaseBuilder->insert()
#5 /var/www/vhosts/saubolmed.kz/lab.saubolmed.kz/system/BaseModel.php(782): CodeIgniter\Model->doInsert(Array)
#6 /var/www/vhosts/saubolmed.kz/lab.saubolmed.kz/system/Model.php(730): CodeIgniter\BaseModel->insert(Array, true)
#7 /var/www/vhosts/saubolmed.kz/lab.saubolmed.kz/app/Controllers/Heights.php(51): CodeIgniter\Model->insert(Array)
#8 /var/www/vhosts/saubolmed.kz/lab.saubolmed.kz/system/CodeIgniter.php(932): App\Controllers\Heights->saveOne()
#9 /var/www/vhosts/saubolmed.kz/lab.saubolmed.kz/system/CodeIgniter.php(497): CodeIgniter\CodeIgniter->runController(Object(App\Controllers\Heights))
#10 /var/www/vhosts/saubolmed.kz/lab.saubolmed.kz/system/CodeIgniter.php(366): CodeIgniter\CodeIgniter->handleRequest(NULL, Object(Config\Cache), false)
#11 /var/www/vhosts/saubolmed.kz/lab.saubolmed.kz/public/index.php(67): CodeIgniter\CodeIgniter->run()
#12 {main}
CRITICAL - 2023-10-03 20:56:53 --> Column 'height' cannot be null
in SYSTEMPATH/Database/MySQLi/Connection.php on line 295.
 1 SYSTEMPATH/Database/MySQLi/Connection.php(295): mysqli->query('INSERT INTO `Heights` (`height`, `patient_iin`, `created_at`, `updated_at`) VALUES (NULL, \'830430350473\', \'2023-10-03 20:56:53\', \'2023-10-03 20:56:53\')', 0)
 2 SYSTEMPATH/Database/BaseConnection.php(692): CodeIgniter\Database\MySQLi\Connection->execute('INSERT INTO `Heights` (`height`, `patient_iin`, `created_at`, `updated_at`) VALUES (NULL, \'830430350473\', \'2023-10-03 20:56:53\', \'2023-10-03 20:56:53\')')
 3 SYSTEMPATH/Database/BaseConnection.php(606): CodeIgniter\Database\BaseConnection->simpleQuery('INSERT INTO `Heights` (`height`, `patient_iin`, `created_at`, `updated_at`) VALUES (NULL, \'830430350473\', \'2023-10-03 20:56:53\', \'2023-10-03 20:56:53\')')
 4 SYSTEMPATH/Database/BaseBuilder.php(2309): CodeIgniter\Database\BaseConnection->query('INSERT INTO `Heights` (`height`, `patient_iin`, `created_at`, `updated_at`) VALUES (:height:, :patient_iin:, :created_at:, :updated_at:)', [...], false)
 5 SYSTEMPATH/Model.php(330): CodeIgniter\Database\BaseBuilder->insert()
 6 SYSTEMPATH/BaseModel.php(782): CodeIgniter\Model->doInsert([...])
 7 SYSTEMPATH/Model.php(730): CodeIgniter\BaseModel->insert([...], true)
 8 APPPATH/Controllers/Heights.php(51): CodeIgniter\Model->insert([...])
 9 SYSTEMPATH/CodeIgniter.php(932): App\Controllers\Heights->saveOne()
10 SYSTEMPATH/CodeIgniter.php(497): CodeIgniter\CodeIgniter->runController(Object(App\Controllers\Heights))
11 SYSTEMPATH/CodeIgniter.php(366): CodeIgniter\CodeIgniter->handleRequest(null, Object(Config\Cache), false)
12 FCPATH/index.php(67): CodeIgniter\CodeIgniter->run()
ERROR - 2023-10-03 20:56:53 --> mysqli_sql_exception: Column 'weight' cannot be null in /var/www/vhosts/saubolmed.kz/lab.saubolmed.kz/system/Database/MySQLi/Connection.php:295
Stack trace:
#0 /var/www/vhosts/saubolmed.kz/lab.saubolmed.kz/system/Database/MySQLi/Connection.php(295): mysqli->query('INSERT INTO `We...', 0)
#1 /var/www/vhosts/saubolmed.kz/lab.saubolmed.kz/system/Database/BaseConnection.php(692): CodeIgniter\Database\MySQLi\Connection->execute('INSERT INTO `We...')
#2 /var/www/vhosts/saubolmed.kz/lab.saubolmed.kz/system/Database/BaseConnection.php(606): CodeIgniter\Database\BaseConnection->simpleQuery('INSERT INTO `We...')
#3 /var/www/vhosts/saubolmed.kz/lab.saubolmed.kz/system/Database/BaseBuilder.php(2309): CodeIgniter\Database\BaseConnection->query('INSERT INTO `We...', Array, false)
#4 /var/www/vhosts/saubolmed.kz/lab.saubolmed.kz/system/Model.php(330): CodeIgniter\Database\BaseBuilder->insert()
#5 /var/www/vhosts/saubolmed.kz/lab.saubolmed.kz/system/BaseModel.php(782): CodeIgniter\Model->doInsert(Array)
#6 /var/www/vhosts/saubolmed.kz/lab.saubolmed.kz/system/Model.php(730): CodeIgniter\BaseModel->insert(Array, true)
#7 /var/www/vhosts/saubolmed.kz/lab.saubolmed.kz/app/Controllers/Weights.php(51): CodeIgniter\Model->insert(Array)
#8 /var/www/vhosts/saubolmed.kz/lab.saubolmed.kz/system/CodeIgniter.php(932): App\Controllers\Weights->saveOne()
#9 /var/www/vhosts/saubolmed.kz/lab.saubolmed.kz/system/CodeIgniter.php(497): CodeIgniter\CodeIgniter->runController(Object(App\Controllers\Weights))
#10 /var/www/vhosts/saubolmed.kz/lab.saubolmed.kz/system/CodeIgniter.php(366): CodeIgniter\CodeIgniter->handleRequest(NULL, Object(Config\Cache), false)
#11 /var/www/vhosts/saubolmed.kz/lab.saubolmed.kz/public/index.php(67): CodeIgniter\CodeIgniter->run()
#12 {main}
CRITICAL - 2023-10-03 20:56:53 --> Column 'weight' cannot be null
in SYSTEMPATH/Database/MySQLi/Connection.php on line 295.
 1 SYSTEMPATH/Database/MySQLi/Connection.php(295): mysqli->query('INSERT INTO `Weights` (`weight`, `patient_iin`, `created_at`, `updated_at`) VALUES (NULL, \'830430350473\', \'2023-10-03 20:56:53\', \'2023-10-03 20:56:53\')', 0)
 2 SYSTEMPATH/Database/BaseConnection.php(692): CodeIgniter\Database\MySQLi\Connection->execute('INSERT INTO `Weights` (`weight`, `patient_iin`, `created_at`, `updated_at`) VALUES (NULL, \'830430350473\', \'2023-10-03 20:56:53\', \'2023-10-03 20:56:53\')')
 3 SYSTEMPATH/Database/BaseConnection.php(606): CodeIgniter\Database\BaseConnection->simpleQuery('INSERT INTO `Weights` (`weight`, `patient_iin`, `created_at`, `updated_at`) VALUES (NULL, \'830430350473\', \'2023-10-03 20:56:53\', \'2023-10-03 20:56:53\')')
 4 SYSTEMPATH/Database/BaseBuilder.php(2309): CodeIgniter\Database\BaseConnection->query('INSERT INTO `Weights` (`weight`, `patient_iin`, `created_at`, `updated_at`) VALUES (:weight:, :patient_iin:, :created_at:, :updated_at:)', [...], false)
 5 SYSTEMPATH/Model.php(330): CodeIgniter\Database\BaseBuilder->insert()
 6 SYSTEMPATH/BaseModel.php(782): CodeIgniter\Model->doInsert([...])
 7 SYSTEMPATH/Model.php(730): CodeIgniter\BaseModel->insert([...], true)
 8 APPPATH/Controllers/Weights.php(51): CodeIgniter\Model->insert([...])
 9 SYSTEMPATH/CodeIgniter.php(932): App\Controllers\Weights->saveOne()
10 SYSTEMPATH/CodeIgniter.php(497): CodeIgniter\CodeIgniter->runController(Object(App\Controllers\Weights))
11 SYSTEMPATH/CodeIgniter.php(366): CodeIgniter\CodeIgniter->handleRequest(null, Object(Config\Cache), false)
12 FCPATH/index.php(67): CodeIgniter\CodeIgniter->run()
ERROR - 2023-10-03 20:57:25 --> mysqli_sql_exception: Column 'height' cannot be null in /var/www/vhosts/saubolmed.kz/lab.saubolmed.kz/system/Database/MySQLi/Connection.php:295
Stack trace:
#0 /var/www/vhosts/saubolmed.kz/lab.saubolmed.kz/system/Database/MySQLi/Connection.php(295): mysqli->query('INSERT INTO `He...', 0)
#1 /var/www/vhosts/saubolmed.kz/lab.saubolmed.kz/system/Database/BaseConnection.php(692): CodeIgniter\Database\MySQLi\Connection->execute('INSERT INTO `He...')
#2 /var/www/vhosts/saubolmed.kz/lab.saubolmed.kz/system/Database/BaseConnection.php(606): CodeIgniter\Database\BaseConnection->simpleQuery('INSERT INTO `He...')
#3 /var/www/vhosts/saubolmed.kz/lab.saubolmed.kz/system/Database/BaseBuilder.php(2309): CodeIgniter\Database\BaseConnection->query('INSERT INTO `He...', Array, false)
#4 /var/www/vhosts/saubolmed.kz/lab.saubolmed.kz/system/Model.php(330): CodeIgniter\Database\BaseBuilder->insert()
#5 /var/www/vhosts/saubolmed.kz/lab.saubolmed.kz/system/BaseModel.php(782): CodeIgniter\Model->doInsert(Array)
#6 /var/www/vhosts/saubolmed.kz/lab.saubolmed.kz/system/Model.php(730): CodeIgniter\BaseModel->insert(Array, true)
#7 /var/www/vhosts/saubolmed.kz/lab.saubolmed.kz/app/Controllers/Heights.php(51): CodeIgniter\Model->insert(Array)
#8 /var/www/vhosts/saubolmed.kz/lab.saubolmed.kz/system/CodeIgniter.php(932): App\Controllers\Heights->saveOne()
#9 /var/www/vhosts/saubolmed.kz/lab.saubolmed.kz/system/CodeIgniter.php(497): CodeIgniter\CodeIgniter->runController(Object(App\Controllers\Heights))
#10 /var/www/vhosts/saubolmed.kz/lab.saubolmed.kz/system/CodeIgniter.php(366): CodeIgniter\CodeIgniter->handleRequest(NULL, Object(Config\Cache), false)
#11 /var/www/vhosts/saubolmed.kz/lab.saubolmed.kz/public/index.php(67): CodeIgniter\CodeIgniter->run()
#12 {main}
CRITICAL - 2023-10-03 20:57:25 --> Column 'height' cannot be null
in SYSTEMPATH/Database/MySQLi/Connection.php on line 295.
 1 SYSTEMPATH/Database/MySQLi/Connection.php(295): mysqli->query('INSERT INTO `Heights` (`height`, `patient_iin`, `created_at`, `updated_at`) VALUES (NULL, \'830430350473\', \'2023-10-03 20:57:25\', \'2023-10-03 20:57:25\')', 0)
 2 SYSTEMPATH/Database/BaseConnection.php(692): CodeIgniter\Database\MySQLi\Connection->execute('INSERT INTO `Heights` (`height`, `patient_iin`, `created_at`, `updated_at`) VALUES (NULL, \'830430350473\', \'2023-10-03 20:57:25\', \'2023-10-03 20:57:25\')')
 3 SYSTEMPATH/Database/BaseConnection.php(606): CodeIgniter\Database\BaseConnection->simpleQuery('INSERT INTO `Heights` (`height`, `patient_iin`, `created_at`, `updated_at`) VALUES (NULL, \'830430350473\', \'2023-10-03 20:57:25\', \'2023-10-03 20:57:25\')')
 4 SYSTEMPATH/Database/BaseBuilder.php(2309): CodeIgniter\Database\BaseConnection->query('INSERT INTO `Heights` (`height`, `patient_iin`, `created_at`, `updated_at`) VALUES (:height:, :patient_iin:, :created_at:, :updated_at:)', [...], false)
 5 SYSTEMPATH/Model.php(330): CodeIgniter\Database\BaseBuilder->insert()
 6 SYSTEMPATH/BaseModel.php(782): CodeIgniter\Model->doInsert([...])
 7 SYSTEMPATH/Model.php(730): CodeIgniter\BaseModel->insert([...], true)
 8 APPPATH/Controllers/Heights.php(51): CodeIgniter\Model->insert([...])
 9 SYSTEMPATH/CodeIgniter.php(932): App\Controllers\Heights->saveOne()
10 SYSTEMPATH/CodeIgniter.php(497): CodeIgniter\CodeIgniter->runController(Object(App\Controllers\Heights))
11 SYSTEMPATH/CodeIgniter.php(366): CodeIgniter\CodeIgniter->handleRequest(null, Object(Config\Cache), false)
12 FCPATH/index.php(67): CodeIgniter\CodeIgniter->run()
ERROR - 2023-10-03 20:57:25 --> mysqli_sql_exception: Column 'weight' cannot be null in /var/www/vhosts/saubolmed.kz/lab.saubolmed.kz/system/Database/MySQLi/Connection.php:295
Stack trace:
#0 /var/www/vhosts/saubolmed.kz/lab.saubolmed.kz/system/Database/MySQLi/Connection.php(295): mysqli->query('INSERT INTO `We...', 0)
#1 /var/www/vhosts/saubolmed.kz/lab.saubolmed.kz/system/Database/BaseConnection.php(692): CodeIgniter\Database\MySQLi\Connection->execute('INSERT INTO `We...')
#2 /var/www/vhosts/saubolmed.kz/lab.saubolmed.kz/system/Database/BaseConnection.php(606): CodeIgniter\Database\BaseConnection->simpleQuery('INSERT INTO `We...')
#3 /var/www/vhosts/saubolmed.kz/lab.saubolmed.kz/system/Database/BaseBuilder.php(2309): CodeIgniter\Database\BaseConnection->query('INSERT INTO `We...', Array, false)
#4 /var/www/vhosts/saubolmed.kz/lab.saubolmed.kz/system/Model.php(330): CodeIgniter\Database\BaseBuilder->insert()
#5 /var/www/vhosts/saubolmed.kz/lab.saubolmed.kz/system/BaseModel.php(782): CodeIgniter\Model->doInsert(Array)
#6 /var/www/vhosts/saubolmed.kz/lab.saubolmed.kz/system/Model.php(730): CodeIgniter\BaseModel->insert(Array, true)
#7 /var/www/vhosts/saubolmed.kz/lab.saubolmed.kz/app/Controllers/Weights.php(51): CodeIgniter\Model->insert(Array)
#8 /var/www/vhosts/saubolmed.kz/lab.saubolmed.kz/system/CodeIgniter.php(932): App\Controllers\Weights->saveOne()
#9 /var/www/vhosts/saubolmed.kz/lab.saubolmed.kz/system/CodeIgniter.php(497): CodeIgniter\CodeIgniter->runController(Object(App\Controllers\Weights))
#10 /var/www/vhosts/saubolmed.kz/lab.saubolmed.kz/system/CodeIgniter.php(366): CodeIgniter\CodeIgniter->handleRequest(NULL, Object(Config\Cache), false)
#11 /var/www/vhosts/saubolmed.kz/lab.saubolmed.kz/public/index.php(67): CodeIgniter\CodeIgniter->run()
#12 {main}
CRITICAL - 2023-10-03 20:57:25 --> Column 'weight' cannot be null
in SYSTEMPATH/Database/MySQLi/Connection.php on line 295.
 1 SYSTEMPATH/Database/MySQLi/Connection.php(295): mysqli->query('INSERT INTO `Weights` (`weight`, `patient_iin`, `created_at`, `updated_at`) VALUES (NULL, \'830430350473\', \'2023-10-03 20:57:25\', \'2023-10-03 20:57:25\')', 0)
 2 SYSTEMPATH/Database/BaseConnection.php(692): CodeIgniter\Database\MySQLi\Connection->execute('INSERT INTO `Weights` (`weight`, `patient_iin`, `created_at`, `updated_at`) VALUES (NULL, \'830430350473\', \'2023-10-03 20:57:25\', \'2023-10-03 20:57:25\')')
 3 SYSTEMPATH/Database/BaseConnection.php(606): CodeIgniter\Database\BaseConnection->simpleQuery('INSERT INTO `Weights` (`weight`, `patient_iin`, `created_at`, `updated_at`) VALUES (NULL, \'830430350473\', \'2023-10-03 20:57:25\', \'2023-10-03 20:57:25\')')
 4 SYSTEMPATH/Database/BaseBuilder.php(2309): CodeIgniter\Database\BaseConnection->query('INSERT INTO `Weights` (`weight`, `patient_iin`, `created_at`, `updated_at`) VALUES (:weight:, :patient_iin:, :created_at:, :updated_at:)', [...], false)
 5 SYSTEMPATH/Model.php(330): CodeIgniter\Database\BaseBuilder->insert()
 6 SYSTEMPATH/BaseModel.php(782): CodeIgniter\Model->doInsert([...])
 7 SYSTEMPATH/Model.php(730): CodeIgniter\BaseModel->insert([...], true)
 8 APPPATH/Controllers/Weights.php(51): CodeIgniter\Model->insert([...])
 9 SYSTEMPATH/CodeIgniter.php(932): App\Controllers\Weights->saveOne()
10 SYSTEMPATH/CodeIgniter.php(497): CodeIgniter\CodeIgniter->runController(Object(App\Controllers\Weights))
11 SYSTEMPATH/CodeIgniter.php(366): CodeIgniter\CodeIgniter->handleRequest(null, Object(Config\Cache), false)
12 FCPATH/index.php(67): CodeIgniter\CodeIgniter->run()
ERROR - 2023-10-03 20:57:35 --> mysqli_sql_exception: Column 'height' cannot be null in /var/www/vhosts/saubolmed.kz/lab.saubolmed.kz/system/Database/MySQLi/Connection.php:295
Stack trace:
#0 /var/www/vhosts/saubolmed.kz/lab.saubolmed.kz/system/Database/MySQLi/Connection.php(295): mysqli->query('INSERT INTO `He...', 0)
#1 /var/www/vhosts/saubolmed.kz/lab.saubolmed.kz/system/Database/BaseConnection.php(692): CodeIgniter\Database\MySQLi\Connection->execute('INSERT INTO `He...')
#2 /var/www/vhosts/saubolmed.kz/lab.saubolmed.kz/system/Database/BaseConnection.php(606): CodeIgniter\Database\BaseConnection->simpleQuery('INSERT INTO `He...')
#3 /var/www/vhosts/saubolmed.kz/lab.saubolmed.kz/system/Database/BaseBuilder.php(2309): CodeIgniter\Database\BaseConnection->query('INSERT INTO `He...', Array, false)
#4 /var/www/vhosts/saubolmed.kz/lab.saubolmed.kz/system/Model.php(330): CodeIgniter\Database\BaseBuilder->insert()
#5 /var/www/vhosts/saubolmed.kz/lab.saubolmed.kz/system/BaseModel.php(782): CodeIgniter\Model->doInsert(Array)
#6 /var/www/vhosts/saubolmed.kz/lab.saubolmed.kz/system/Model.php(730): CodeIgniter\BaseModel->insert(Array, true)
#7 /var/www/vhosts/saubolmed.kz/lab.saubolmed.kz/app/Controllers/Heights.php(51): CodeIgniter\Model->insert(Array)
#8 /var/www/vhosts/saubolmed.kz/lab.saubolmed.kz/system/CodeIgniter.php(932): App\Controllers\Heights->saveOne()
#9 /var/www/vhosts/saubolmed.kz/lab.saubolmed.kz/system/CodeIgniter.php(497): CodeIgniter\CodeIgniter->runController(Object(App\Controllers\Heights))
#10 /var/www/vhosts/saubolmed.kz/lab.saubolmed.kz/system/CodeIgniter.php(366): CodeIgniter\CodeIgniter->handleRequest(NULL, Object(Config\Cache), false)
#11 /var/www/vhosts/saubolmed.kz/lab.saubolmed.kz/public/index.php(67): CodeIgniter\CodeIgniter->run()
#12 {main}
CRITICAL - 2023-10-03 20:57:35 --> Column 'height' cannot be null
in SYSTEMPATH/Database/MySQLi/Connection.php on line 295.
 1 SYSTEMPATH/Database/MySQLi/Connection.php(295): mysqli->query('INSERT INTO `Heights` (`height`, `patient_iin`, `created_at`, `updated_at`) VALUES (NULL, \'830430350473\', \'2023-10-03 20:57:35\', \'2023-10-03 20:57:35\')', 0)
 2 SYSTEMPATH/Database/BaseConnection.php(692): CodeIgniter\Database\MySQLi\Connection->execute('INSERT INTO `Heights` (`height`, `patient_iin`, `created_at`, `updated_at`) VALUES (NULL, \'830430350473\', \'2023-10-03 20:57:35\', \'2023-10-03 20:57:35\')')
 3 SYSTEMPATH/Database/BaseConnection.php(606): CodeIgniter\Database\BaseConnection->simpleQuery('INSERT INTO `Heights` (`height`, `patient_iin`, `created_at`, `updated_at`) VALUES (NULL, \'830430350473\', \'2023-10-03 20:57:35\', \'2023-10-03 20:57:35\')')
 4 SYSTEMPATH/Database/BaseBuilder.php(2309): CodeIgniter\Database\BaseConnection->query('INSERT INTO `Heights` (`height`, `patient_iin`, `created_at`, `updated_at`) VALUES (:height:, :patient_iin:, :created_at:, :updated_at:)', [...], false)
 5 SYSTEMPATH/Model.php(330): CodeIgniter\Database\BaseBuilder->insert()
 6 SYSTEMPATH/BaseModel.php(782): CodeIgniter\Model->doInsert([...])
 7 SYSTEMPATH/Model.php(730): CodeIgniter\BaseModel->insert([...], true)
 8 APPPATH/Controllers/Heights.php(51): CodeIgniter\Model->insert([...])
 9 SYSTEMPATH/CodeIgniter.php(932): App\Controllers\Heights->saveOne()
10 SYSTEMPATH/CodeIgniter.php(497): CodeIgniter\CodeIgniter->runController(Object(App\Controllers\Heights))
11 SYSTEMPATH/CodeIgniter.php(366): CodeIgniter\CodeIgniter->handleRequest(null, Object(Config\Cache), false)
12 FCPATH/index.php(67): CodeIgniter\CodeIgniter->run()
ERROR - 2023-10-03 20:57:35 --> mysqli_sql_exception: Column 'weight' cannot be null in /var/www/vhosts/saubolmed.kz/lab.saubolmed.kz/system/Database/MySQLi/Connection.php:295
Stack trace:
#0 /var/www/vhosts/saubolmed.kz/lab.saubolmed.kz/system/Database/MySQLi/Connection.php(295): mysqli->query('INSERT INTO `We...', 0)
#1 /var/www/vhosts/saubolmed.kz/lab.saubolmed.kz/system/Database/BaseConnection.php(692): CodeIgniter\Database\MySQLi\Connection->execute('INSERT INTO `We...')
#2 /var/www/vhosts/saubolmed.kz/lab.saubolmed.kz/system/Database/BaseConnection.php(606): CodeIgniter\Database\BaseConnection->simpleQuery('INSERT INTO `We...')
#3 /var/www/vhosts/saubolmed.kz/lab.saubolmed.kz/system/Database/BaseBuilder.php(2309): CodeIgniter\Database\BaseConnection->query('INSERT INTO `We...', Array, false)
#4 /var/www/vhosts/saubolmed.kz/lab.saubolmed.kz/system/Model.php(330): CodeIgniter\Database\BaseBuilder->insert()
#5 /var/www/vhosts/saubolmed.kz/lab.saubolmed.kz/system/BaseModel.php(782): CodeIgniter\Model->doInsert(Array)
#6 /var/www/vhosts/saubolmed.kz/lab.saubolmed.kz/system/Model.php(730): CodeIgniter\BaseModel->insert(Array, true)
#7 /var/www/vhosts/saubolmed.kz/lab.saubolmed.kz/app/Controllers/Weights.php(51): CodeIgniter\Model->insert(Array)
#8 /var/www/vhosts/saubolmed.kz/lab.saubolmed.kz/system/CodeIgniter.php(932): App\Controllers\Weights->saveOne()
#9 /var/www/vhosts/saubolmed.kz/lab.saubolmed.kz/system/CodeIgniter.php(497): CodeIgniter\CodeIgniter->runController(Object(App\Controllers\Weights))
#10 /var/www/vhosts/saubolmed.kz/lab.saubolmed.kz/system/CodeIgniter.php(366): CodeIgniter\CodeIgniter->handleRequest(NULL, Object(Config\Cache), false)
#11 /var/www/vhosts/saubolmed.kz/lab.saubolmed.kz/public/index.php(67): CodeIgniter\CodeIgniter->run()
#12 {main}
CRITICAL - 2023-10-03 20:57:35 --> Column 'weight' cannot be null
in SYSTEMPATH/Database/MySQLi/Connection.php on line 295.
 1 SYSTEMPATH/Database/MySQLi/Connection.php(295): mysqli->query('INSERT INTO `Weights` (`weight`, `patient_iin`, `created_at`, `updated_at`) VALUES (NULL, \'830430350473\', \'2023-10-03 20:57:35\', \'2023-10-03 20:57:35\')', 0)
 2 SYSTEMPATH/Database/BaseConnection.php(692): CodeIgniter\Database\MySQLi\Connection->execute('INSERT INTO `Weights` (`weight`, `patient_iin`, `created_at`, `updated_at`) VALUES (NULL, \'830430350473\', \'2023-10-03 20:57:35\', \'2023-10-03 20:57:35\')')
 3 SYSTEMPATH/Database/BaseConnection.php(606): CodeIgniter\Database\BaseConnection->simpleQuery('INSERT INTO `Weights` (`weight`, `patient_iin`, `created_at`, `updated_at`) VALUES (NULL, \'830430350473\', \'2023-10-03 20:57:35\', \'2023-10-03 20:57:35\')')
 4 SYSTEMPATH/Database/BaseBuilder.php(2309): CodeIgniter\Database\BaseConnection->query('INSERT INTO `Weights` (`weight`, `patient_iin`, `created_at`, `updated_at`) VALUES (:weight:, :patient_iin:, :created_at:, :updated_at:)', [...], false)
 5 SYSTEMPATH/Model.php(330): CodeIgniter\Database\BaseBuilder->insert()
 6 SYSTEMPATH/BaseModel.php(782): CodeIgniter\Model->doInsert([...])
 7 SYSTEMPATH/Model.php(730): CodeIgniter\BaseModel->insert([...], true)
 8 APPPATH/Controllers/Weights.php(51): CodeIgniter\Model->insert([...])
 9 SYSTEMPATH/CodeIgniter.php(932): App\Controllers\Weights->saveOne()
10 SYSTEMPATH/CodeIgniter.php(497): CodeIgniter\CodeIgniter->runController(Object(App\Controllers\Weights))
11 SYSTEMPATH/CodeIgniter.php(366): CodeIgniter\CodeIgniter->handleRequest(null, Object(Config\Cache), false)
12 FCPATH/index.php(67): CodeIgniter\CodeIgniter->run()
ERROR - 2023-10-03 21:00:20 --> mysqli_sql_exception: Column 'height' cannot be null in /var/www/vhosts/saubolmed.kz/lab.saubolmed.kz/system/Database/MySQLi/Connection.php:295
Stack trace:
#0 /var/www/vhosts/saubolmed.kz/lab.saubolmed.kz/system/Database/MySQLi/Connection.php(295): mysqli->query('INSERT INTO `He...', 0)
#1 /var/www/vhosts/saubolmed.kz/lab.saubolmed.kz/system/Database/BaseConnection.php(692): CodeIgniter\Database\MySQLi\Connection->execute('INSERT INTO `He...')
#2 /var/www/vhosts/saubolmed.kz/lab.saubolmed.kz/system/Database/BaseConnection.php(606): CodeIgniter\Database\BaseConnection->simpleQuery('INSERT INTO `He...')
#3 /var/www/vhosts/saubolmed.kz/lab.saubolmed.kz/system/Database/BaseBuilder.php(2309): CodeIgniter\Database\BaseConnection->query('INSERT INTO `He...', Array, false)
#4 /var/www/vhosts/saubolmed.kz/lab.saubolmed.kz/system/Model.php(330): CodeIgniter\Database\BaseBuilder->insert()
#5 /var/www/vhosts/saubolmed.kz/lab.saubolmed.kz/system/BaseModel.php(782): CodeIgniter\Model->doInsert(Array)
#6 /var/www/vhosts/saubolmed.kz/lab.saubolmed.kz/system/Model.php(730): CodeIgniter\BaseModel->insert(Array, true)
#7 /var/www/vhosts/saubolmed.kz/lab.saubolmed.kz/app/Controllers/Heights.php(51): CodeIgniter\Model->insert(Array)
#8 /var/www/vhosts/saubolmed.kz/lab.saubolmed.kz/system/CodeIgniter.php(932): App\Controllers\Heights->saveOne()
#9 /var/www/vhosts/saubolmed.kz/lab.saubolmed.kz/system/CodeIgniter.php(497): CodeIgniter\CodeIgniter->runController(Object(App\Controllers\Heights))
#10 /var/www/vhosts/saubolmed.kz/lab.saubolmed.kz/system/CodeIgniter.php(366): CodeIgniter\CodeIgniter->handleRequest(NULL, Object(Config\Cache), false)
#11 /var/www/vhosts/saubolmed.kz/lab.saubolmed.kz/public/index.php(67): CodeIgniter\CodeIgniter->run()
#12 {main}
CRITICAL - 2023-10-03 21:00:20 --> Column 'height' cannot be null
in SYSTEMPATH/Database/MySQLi/Connection.php on line 295.
 1 SYSTEMPATH/Database/MySQLi/Connection.php(295): mysqli->query('INSERT INTO `Heights` (`height`, `patient_iin`, `created_at`, `updated_at`) VALUES (NULL, \'830430350473\', \'2023-10-03 21:00:20\', \'2023-10-03 21:00:20\')', 0)
 2 SYSTEMPATH/Database/BaseConnection.php(692): CodeIgniter\Database\MySQLi\Connection->execute('INSERT INTO `Heights` (`height`, `patient_iin`, `created_at`, `updated_at`) VALUES (NULL, \'830430350473\', \'2023-10-03 21:00:20\', \'2023-10-03 21:00:20\')')
 3 SYSTEMPATH/Database/BaseConnection.php(606): CodeIgniter\Database\BaseConnection->simpleQuery('INSERT INTO `Heights` (`height`, `patient_iin`, `created_at`, `updated_at`) VALUES (NULL, \'830430350473\', \'2023-10-03 21:00:20\', \'2023-10-03 21:00:20\')')
 4 SYSTEMPATH/Database/BaseBuilder.php(2309): CodeIgniter\Database\BaseConnection->query('INSERT INTO `Heights` (`height`, `patient_iin`, `created_at`, `updated_at`) VALUES (:height:, :patient_iin:, :created_at:, :updated_at:)', [...], false)
 5 SYSTEMPATH/Model.php(330): CodeIgniter\Database\BaseBuilder->insert()
 6 SYSTEMPATH/BaseModel.php(782): CodeIgniter\Model->doInsert([...])
 7 SYSTEMPATH/Model.php(730): CodeIgniter\BaseModel->insert([...], true)
 8 APPPATH/Controllers/Heights.php(51): CodeIgniter\Model->insert([...])
 9 SYSTEMPATH/CodeIgniter.php(932): App\Controllers\Heights->saveOne()
10 SYSTEMPATH/CodeIgniter.php(497): CodeIgniter\CodeIgniter->runController(Object(App\Controllers\Heights))
11 SYSTEMPATH/CodeIgniter.php(366): CodeIgniter\CodeIgniter->handleRequest(null, Object(Config\Cache), false)
12 FCPATH/index.php(67): CodeIgniter\CodeIgniter->run()
ERROR - 2023-10-03 21:00:21 --> mysqli_sql_exception: Column 'weight' cannot be null in /var/www/vhosts/saubolmed.kz/lab.saubolmed.kz/system/Database/MySQLi/Connection.php:295
Stack trace:
#0 /var/www/vhosts/saubolmed.kz/lab.saubolmed.kz/system/Database/MySQLi/Connection.php(295): mysqli->query('INSERT INTO `We...', 0)
#1 /var/www/vhosts/saubolmed.kz/lab.saubolmed.kz/system/Database/BaseConnection.php(692): CodeIgniter\Database\MySQLi\Connection->execute('INSERT INTO `We...')
#2 /var/www/vhosts/saubolmed.kz/lab.saubolmed.kz/system/Database/BaseConnection.php(606): CodeIgniter\Database\BaseConnection->simpleQuery('INSERT INTO `We...')
#3 /var/www/vhosts/saubolmed.kz/lab.saubolmed.kz/system/Database/BaseBuilder.php(2309): CodeIgniter\Database\BaseConnection->query('INSERT INTO `We...', Array, false)
#4 /var/www/vhosts/saubolmed.kz/lab.saubolmed.kz/system/Model.php(330): CodeIgniter\Database\BaseBuilder->insert()
#5 /var/www/vhosts/saubolmed.kz/lab.saubolmed.kz/system/BaseModel.php(782): CodeIgniter\Model->doInsert(Array)
#6 /var/www/vhosts/saubolmed.kz/lab.saubolmed.kz/system/Model.php(730): CodeIgniter\BaseModel->insert(Array, true)
#7 /var/www/vhosts/saubolmed.kz/lab.saubolmed.kz/app/Controllers/Weights.php(51): CodeIgniter\Model->insert(Array)
#8 /var/www/vhosts/saubolmed.kz/lab.saubolmed.kz/system/CodeIgniter.php(932): App\Controllers\Weights->saveOne()
#9 /var/www/vhosts/saubolmed.kz/lab.saubolmed.kz/system/CodeIgniter.php(497): CodeIgniter\CodeIgniter->runController(Object(App\Controllers\Weights))
#10 /var/www/vhosts/saubolmed.kz/lab.saubolmed.kz/system/CodeIgniter.php(366): CodeIgniter\CodeIgniter->handleRequest(NULL, Object(Config\Cache), false)
#11 /var/www/vhosts/saubolmed.kz/lab.saubolmed.kz/public/index.php(67): CodeIgniter\CodeIgniter->run()
#12 {main}
CRITICAL - 2023-10-03 21:00:21 --> Column 'weight' cannot be null
in SYSTEMPATH/Database/MySQLi/Connection.php on line 295.
 1 SYSTEMPATH/Database/MySQLi/Connection.php(295): mysqli->query('INSERT INTO `Weights` (`weight`, `patient_iin`, `created_at`, `updated_at`) VALUES (NULL, \'830430350473\', \'2023-10-03 21:00:21\', \'2023-10-03 21:00:21\')', 0)
 2 SYSTEMPATH/Database/BaseConnection.php(692): CodeIgniter\Database\MySQLi\Connection->execute('INSERT INTO `Weights` (`weight`, `patient_iin`, `created_at`, `updated_at`) VALUES (NULL, \'830430350473\', \'2023-10-03 21:00:21\', \'2023-10-03 21:00:21\')')
 3 SYSTEMPATH/Database/BaseConnection.php(606): CodeIgniter\Database\BaseConnection->simpleQuery('INSERT INTO `Weights` (`weight`, `patient_iin`, `created_at`, `updated_at`) VALUES (NULL, \'830430350473\', \'2023-10-03 21:00:21\', \'2023-10-03 21:00:21\')')
 4 SYSTEMPATH/Database/BaseBuilder.php(2309): CodeIgniter\Database\BaseConnection->query('INSERT INTO `Weights` (`weight`, `patient_iin`, `created_at`, `updated_at`) VALUES (:weight:, :patient_iin:, :created_at:, :updated_at:)', [...], false)
 5 SYSTEMPATH/Model.php(330): CodeIgniter\Database\BaseBuilder->insert()
 6 SYSTEMPATH/BaseModel.php(782): CodeIgniter\Model->doInsert([...])
 7 SYSTEMPATH/Model.php(730): CodeIgniter\BaseModel->insert([...], true)
 8 APPPATH/Controllers/Weights.php(51): CodeIgniter\Model->insert([...])
 9 SYSTEMPATH/CodeIgniter.php(932): App\Controllers\Weights->saveOne()
10 SYSTEMPATH/CodeIgniter.php(497): CodeIgniter\CodeIgniter->runController(Object(App\Controllers\Weights))
11 SYSTEMPATH/CodeIgniter.php(366): CodeIgniter\CodeIgniter->handleRequest(null, Object(Config\Cache), false)
12 FCPATH/index.php(67): CodeIgniter\CodeIgniter->run()
ERROR - 2023-10-03 21:01:31 --> mysqli_sql_exception: Column 'height' cannot be null in /var/www/vhosts/saubolmed.kz/lab.saubolmed.kz/system/Database/MySQLi/Connection.php:295
Stack trace:
#0 /var/www/vhosts/saubolmed.kz/lab.saubolmed.kz/system/Database/MySQLi/Connection.php(295): mysqli->query('INSERT INTO `He...', 0)
#1 /var/www/vhosts/saubolmed.kz/lab.saubolmed.kz/system/Database/BaseConnection.php(692): CodeIgniter\Database\MySQLi\Connection->execute('INSERT INTO `He...')
#2 /var/www/vhosts/saubolmed.kz/lab.saubolmed.kz/system/Database/BaseConnection.php(606): CodeIgniter\Database\BaseConnection->simpleQuery('INSERT INTO `He...')
#3 /var/www/vhosts/saubolmed.kz/lab.saubolmed.kz/system/Database/BaseBuilder.php(2309): CodeIgniter\Database\BaseConnection->query('INSERT INTO `He...', Array, false)
#4 /var/www/vhosts/saubolmed.kz/lab.saubolmed.kz/system/Model.php(330): CodeIgniter\Database\BaseBuilder->insert()
#5 /var/www/vhosts/saubolmed.kz/lab.saubolmed.kz/system/BaseModel.php(782): CodeIgniter\Model->doInsert(Array)
#6 /var/www/vhosts/saubolmed.kz/lab.saubolmed.kz/system/Model.php(730): CodeIgniter\BaseModel->insert(Array, true)
#7 /var/www/vhosts/saubolmed.kz/lab.saubolmed.kz/app/Controllers/Heights.php(51): CodeIgniter\Model->insert(Array)
#8 /var/www/vhosts/saubolmed.kz/lab.saubolmed.kz/system/CodeIgniter.php(932): App\Controllers\Heights->saveOne()
#9 /var/www/vhosts/saubolmed.kz/lab.saubolmed.kz/system/CodeIgniter.php(497): CodeIgniter\CodeIgniter->runController(Object(App\Controllers\Heights))
#10 /var/www/vhosts/saubolmed.kz/lab.saubolmed.kz/system/CodeIgniter.php(366): CodeIgniter\CodeIgniter->handleRequest(NULL, Object(Config\Cache), false)
#11 /var/www/vhosts/saubolmed.kz/lab.saubolmed.kz/public/index.php(67): CodeIgniter\CodeIgniter->run()
#12 {main}
CRITICAL - 2023-10-03 21:01:31 --> Column 'height' cannot be null
in SYSTEMPATH/Database/MySQLi/Connection.php on line 295.
 1 SYSTEMPATH/Database/MySQLi/Connection.php(295): mysqli->query('INSERT INTO `Heights` (`height`, `patient_iin`, `created_at`, `updated_at`) VALUES (NULL, \'830430350473\', \'2023-10-03 21:01:31\', \'2023-10-03 21:01:31\')', 0)
 2 SYSTEMPATH/Database/BaseConnection.php(692): CodeIgniter\Database\MySQLi\Connection->execute('INSERT INTO `Heights` (`height`, `patient_iin`, `created_at`, `updated_at`) VALUES (NULL, \'830430350473\', \'2023-10-03 21:01:31\', \'2023-10-03 21:01:31\')')
 3 SYSTEMPATH/Database/BaseConnection.php(606): CodeIgniter\Database\BaseConnection->simpleQuery('INSERT INTO `Heights` (`height`, `patient_iin`, `created_at`, `updated_at`) VALUES (NULL, \'830430350473\', \'2023-10-03 21:01:31\', \'2023-10-03 21:01:31\')')
 4 SYSTEMPATH/Database/BaseBuilder.php(2309): CodeIgniter\Database\BaseConnection->query('INSERT INTO `Heights` (`height`, `patient_iin`, `created_at`, `updated_at`) VALUES (:height:, :patient_iin:, :created_at:, :updated_at:)', [...], false)
 5 SYSTEMPATH/Model.php(330): CodeIgniter\Database\BaseBuilder->insert()
 6 SYSTEMPATH/BaseModel.php(782): CodeIgniter\Model->doInsert([...])
 7 SYSTEMPATH/Model.php(730): CodeIgniter\BaseModel->insert([...], true)
 8 APPPATH/Controllers/Heights.php(51): CodeIgniter\Model->insert([...])
 9 SYSTEMPATH/CodeIgniter.php(932): App\Controllers\Heights->saveOne()
10 SYSTEMPATH/CodeIgniter.php(497): CodeIgniter\CodeIgniter->runController(Object(App\Controllers\Heights))
11 SYSTEMPATH/CodeIgniter.php(366): CodeIgniter\CodeIgniter->handleRequest(null, Object(Config\Cache), false)
12 FCPATH/index.php(67): CodeIgniter\CodeIgniter->run()
ERROR - 2023-10-03 21:01:31 --> mysqli_sql_exception: Column 'weight' cannot be null in /var/www/vhosts/saubolmed.kz/lab.saubolmed.kz/system/Database/MySQLi/Connection.php:295
Stack trace:
#0 /var/www/vhosts/saubolmed.kz/lab.saubolmed.kz/system/Database/MySQLi/Connection.php(295): mysqli->query('INSERT INTO `We...', 0)
#1 /var/www/vhosts/saubolmed.kz/lab.saubolmed.kz/system/Database/BaseConnection.php(692): CodeIgniter\Database\MySQLi\Connection->execute('INSERT INTO `We...')
#2 /var/www/vhosts/saubolmed.kz/lab.saubolmed.kz/system/Database/BaseConnection.php(606): CodeIgniter\Database\BaseConnection->simpleQuery('INSERT INTO `We...')
#3 /var/www/vhosts/saubolmed.kz/lab.saubolmed.kz/system/Database/BaseBuilder.php(2309): CodeIgniter\Database\BaseConnection->query('INSERT INTO `We...', Array, false)
#4 /var/www/vhosts/saubolmed.kz/lab.saubolmed.kz/system/Model.php(330): CodeIgniter\Database\BaseBuilder->insert()
#5 /var/www/vhosts/saubolmed.kz/lab.saubolmed.kz/system/BaseModel.php(782): CodeIgniter\Model->doInsert(Array)
#6 /var/www/vhosts/saubolmed.kz/lab.saubolmed.kz/system/Model.php(730): CodeIgniter\BaseModel->insert(Array, true)
#7 /var/www/vhosts/saubolmed.kz/lab.saubolmed.kz/app/Controllers/Weights.php(51): CodeIgniter\Model->insert(Array)
#8 /var/www/vhosts/saubolmed.kz/lab.saubolmed.kz/system/CodeIgniter.php(932): App\Controllers\Weights->saveOne()
#9 /var/www/vhosts/saubolmed.kz/lab.saubolmed.kz/system/CodeIgniter.php(497): CodeIgniter\CodeIgniter->runController(Object(App\Controllers\Weights))
#10 /var/www/vhosts/saubolmed.kz/lab.saubolmed.kz/system/CodeIgniter.php(366): CodeIgniter\CodeIgniter->handleRequest(NULL, Object(Config\Cache), false)
#11 /var/www/vhosts/saubolmed.kz/lab.saubolmed.kz/public/index.php(67): CodeIgniter\CodeIgniter->run()
#12 {main}
CRITICAL - 2023-10-03 21:01:31 --> Column 'weight' cannot be null
in SYSTEMPATH/Database/MySQLi/Connection.php on line 295.
 1 SYSTEMPATH/Database/MySQLi/Connection.php(295): mysqli->query('INSERT INTO `Weights` (`weight`, `patient_iin`, `created_at`, `updated_at`) VALUES (NULL, \'830430350473\', \'2023-10-03 21:01:31\', \'2023-10-03 21:01:31\')', 0)
 2 SYSTEMPATH/Database/BaseConnection.php(692): CodeIgniter\Database\MySQLi\Connection->execute('INSERT INTO `Weights` (`weight`, `patient_iin`, `created_at`, `updated_at`) VALUES (NULL, \'830430350473\', \'2023-10-03 21:01:31\', \'2023-10-03 21:01:31\')')
 3 SYSTEMPATH/Database/BaseConnection.php(606): CodeIgniter\Database\BaseConnection->simpleQuery('INSERT INTO `Weights` (`weight`, `patient_iin`, `created_at`, `updated_at`) VALUES (NULL, \'830430350473\', \'2023-10-03 21:01:31\', \'2023-10-03 21:01:31\')')
 4 SYSTEMPATH/Database/BaseBuilder.php(2309): CodeIgniter\Database\BaseConnection->query('INSERT INTO `Weights` (`weight`, `patient_iin`, `created_at`, `updated_at`) VALUES (:weight:, :patient_iin:, :created_at:, :updated_at:)', [...], false)
 5 SYSTEMPATH/Model.php(330): CodeIgniter\Database\BaseBuilder->insert()
 6 SYSTEMPATH/BaseModel.php(782): CodeIgniter\Model->doInsert([...])
 7 SYSTEMPATH/Model.php(730): CodeIgniter\BaseModel->insert([...], true)
 8 APPPATH/Controllers/Weights.php(51): CodeIgniter\Model->insert([...])
 9 SYSTEMPATH/CodeIgniter.php(932): App\Controllers\Weights->saveOne()
10 SYSTEMPATH/CodeIgniter.php(497): CodeIgniter\CodeIgniter->runController(Object(App\Controllers\Weights))
11 SYSTEMPATH/CodeIgniter.php(366): CodeIgniter\CodeIgniter->handleRequest(null, Object(Config\Cache), false)
12 FCPATH/index.php(67): CodeIgniter\CodeIgniter->run()
ERROR - 2023-10-03 21:02:47 --> mysqli_sql_exception: Column 'height' cannot be null in /var/www/vhosts/saubolmed.kz/lab.saubolmed.kz/system/Database/MySQLi/Connection.php:295
Stack trace:
#0 /var/www/vhosts/saubolmed.kz/lab.saubolmed.kz/system/Database/MySQLi/Connection.php(295): mysqli->query('INSERT INTO `He...', 0)
#1 /var/www/vhosts/saubolmed.kz/lab.saubolmed.kz/system/Database/BaseConnection.php(692): CodeIgniter\Database\MySQLi\Connection->execute('INSERT INTO `He...')
#2 /var/www/vhosts/saubolmed.kz/lab.saubolmed.kz/system/Database/BaseConnection.php(606): CodeIgniter\Database\BaseConnection->simpleQuery('INSERT INTO `He...')
#3 /var/www/vhosts/saubolmed.kz/lab.saubolmed.kz/system/Database/BaseBuilder.php(2309): CodeIgniter\Database\BaseConnection->query('INSERT INTO `He...', Array, false)
#4 /var/www/vhosts/saubolmed.kz/lab.saubolmed.kz/system/Model.php(330): CodeIgniter\Database\BaseBuilder->insert()
#5 /var/www/vhosts/saubolmed.kz/lab.saubolmed.kz/system/BaseModel.php(782): CodeIgniter\Model->doInsert(Array)
#6 /var/www/vhosts/saubolmed.kz/lab.saubolmed.kz/system/Model.php(730): CodeIgniter\BaseModel->insert(Array, true)
#7 /var/www/vhosts/saubolmed.kz/lab.saubolmed.kz/app/Controllers/Heights.php(51): CodeIgniter\Model->insert(Array)
#8 /var/www/vhosts/saubolmed.kz/lab.saubolmed.kz/system/CodeIgniter.php(932): App\Controllers\Heights->saveOne()
#9 /var/www/vhosts/saubolmed.kz/lab.saubolmed.kz/system/CodeIgniter.php(497): CodeIgniter\CodeIgniter->runController(Object(App\Controllers\Heights))
#10 /var/www/vhosts/saubolmed.kz/lab.saubolmed.kz/system/CodeIgniter.php(366): CodeIgniter\CodeIgniter->handleRequest(NULL, Object(Config\Cache), false)
#11 /var/www/vhosts/saubolmed.kz/lab.saubolmed.kz/public/index.php(67): CodeIgniter\CodeIgniter->run()
#12 {main}
CRITICAL - 2023-10-03 21:02:47 --> Column 'height' cannot be null
in SYSTEMPATH/Database/MySQLi/Connection.php on line 295.
 1 SYSTEMPATH/Database/MySQLi/Connection.php(295): mysqli->query('INSERT INTO `Heights` (`height`, `patient_iin`, `created_at`, `updated_at`) VALUES (NULL, \'830430350473\', \'2023-10-03 21:02:47\', \'2023-10-03 21:02:47\')', 0)
 2 SYSTEMPATH/Database/BaseConnection.php(692): CodeIgniter\Database\MySQLi\Connection->execute('INSERT INTO `Heights` (`height`, `patient_iin`, `created_at`, `updated_at`) VALUES (NULL, \'830430350473\', \'2023-10-03 21:02:47\', \'2023-10-03 21:02:47\')')
 3 SYSTEMPATH/Database/BaseConnection.php(606): CodeIgniter\Database\BaseConnection->simpleQuery('INSERT INTO `Heights` (`height`, `patient_iin`, `created_at`, `updated_at`) VALUES (NULL, \'830430350473\', \'2023-10-03 21:02:47\', \'2023-10-03 21:02:47\')')
 4 SYSTEMPATH/Database/BaseBuilder.php(2309): CodeIgniter\Database\BaseConnection->query('INSERT INTO `Heights` (`height`, `patient_iin`, `created_at`, `updated_at`) VALUES (:height:, :patient_iin:, :created_at:, :updated_at:)', [...], false)
 5 SYSTEMPATH/Model.php(330): CodeIgniter\Database\BaseBuilder->insert()
 6 SYSTEMPATH/BaseModel.php(782): CodeIgniter\Model->doInsert([...])
 7 SYSTEMPATH/Model.php(730): CodeIgniter\BaseModel->insert([...], true)
 8 APPPATH/Controllers/Heights.php(51): CodeIgniter\Model->insert([...])
 9 SYSTEMPATH/CodeIgniter.php(932): App\Controllers\Heights->saveOne()
10 SYSTEMPATH/CodeIgniter.php(497): CodeIgniter\CodeIgniter->runController(Object(App\Controllers\Heights))
11 SYSTEMPATH/CodeIgniter.php(366): CodeIgniter\CodeIgniter->handleRequest(null, Object(Config\Cache), false)
12 FCPATH/index.php(67): CodeIgniter\CodeIgniter->run()
ERROR - 2023-10-03 21:02:47 --> mysqli_sql_exception: Column 'weight' cannot be null in /var/www/vhosts/saubolmed.kz/lab.saubolmed.kz/system/Database/MySQLi/Connection.php:295
Stack trace:
#0 /var/www/vhosts/saubolmed.kz/lab.saubolmed.kz/system/Database/MySQLi/Connection.php(295): mysqli->query('INSERT INTO `We...', 0)
#1 /var/www/vhosts/saubolmed.kz/lab.saubolmed.kz/system/Database/BaseConnection.php(692): CodeIgniter\Database\MySQLi\Connection->execute('INSERT INTO `We...')
#2 /var/www/vhosts/saubolmed.kz/lab.saubolmed.kz/system/Database/BaseConnection.php(606): CodeIgniter\Database\BaseConnection->simpleQuery('INSERT INTO `We...')
#3 /var/www/vhosts/saubolmed.kz/lab.saubolmed.kz/system/Database/BaseBuilder.php(2309): CodeIgniter\Database\BaseConnection->query('INSERT INTO `We...', Array, false)
#4 /var/www/vhosts/saubolmed.kz/lab.saubolmed.kz/system/Model.php(330): CodeIgniter\Database\BaseBuilder->insert()
#5 /var/www/vhosts/saubolmed.kz/lab.saubolmed.kz/system/BaseModel.php(782): CodeIgniter\Model->doInsert(Array)
#6 /var/www/vhosts/saubolmed.kz/lab.saubolmed.kz/system/Model.php(730): CodeIgniter\BaseModel->insert(Array, true)
#7 /var/www/vhosts/saubolmed.kz/lab.saubolmed.kz/app/Controllers/Weights.php(51): CodeIgniter\Model->insert(Array)
#8 /var/www/vhosts/saubolmed.kz/lab.saubolmed.kz/system/CodeIgniter.php(932): App\Controllers\Weights->saveOne()
#9 /var/www/vhosts/saubolmed.kz/lab.saubolmed.kz/system/CodeIgniter.php(497): CodeIgniter\CodeIgniter->runController(Object(App\Controllers\Weights))
#10 /var/www/vhosts/saubolmed.kz/lab.saubolmed.kz/system/CodeIgniter.php(366): CodeIgniter\CodeIgniter->handleRequest(NULL, Object(Config\Cache), false)
#11 /var/www/vhosts/saubolmed.kz/lab.saubolmed.kz/public/index.php(67): CodeIgniter\CodeIgniter->run()
#12 {main}
CRITICAL - 2023-10-03 21:02:47 --> Column 'weight' cannot be null
in SYSTEMPATH/Database/MySQLi/Connection.php on line 295.
 1 SYSTEMPATH/Database/MySQLi/Connection.php(295): mysqli->query('INSERT INTO `Weights` (`weight`, `patient_iin`, `created_at`, `updated_at`) VALUES (NULL, \'830430350473\', \'2023-10-03 21:02:47\', \'2023-10-03 21:02:47\')', 0)
 2 SYSTEMPATH/Database/BaseConnection.php(692): CodeIgniter\Database\MySQLi\Connection->execute('INSERT INTO `Weights` (`weight`, `patient_iin`, `created_at`, `updated_at`) VALUES (NULL, \'830430350473\', \'2023-10-03 21:02:47\', \'2023-10-03 21:02:47\')')
 3 SYSTEMPATH/Database/BaseConnection.php(606): CodeIgniter\Database\BaseConnection->simpleQuery('INSERT INTO `Weights` (`weight`, `patient_iin`, `created_at`, `updated_at`) VALUES (NULL, \'830430350473\', \'2023-10-03 21:02:47\', \'2023-10-03 21:02:47\')')
 4 SYSTEMPATH/Database/BaseBuilder.php(2309): CodeIgniter\Database\BaseConnection->query('INSERT INTO `Weights` (`weight`, `patient_iin`, `created_at`, `updated_at`) VALUES (:weight:, :patient_iin:, :created_at:, :updated_at:)', [...], false)
 5 SYSTEMPATH/Model.php(330): CodeIgniter\Database\BaseBuilder->insert()
 6 SYSTEMPATH/BaseModel.php(782): CodeIgniter\Model->doInsert([...])
 7 SYSTEMPATH/Model.php(730): CodeIgniter\BaseModel->insert([...], true)
 8 APPPATH/Controllers/Weights.php(51): CodeIgniter\Model->insert([...])
 9 SYSTEMPATH/CodeIgniter.php(932): App\Controllers\Weights->saveOne()
10 SYSTEMPATH/CodeIgniter.php(497): CodeIgniter\CodeIgniter->runController(Object(App\Controllers\Weights))
11 SYSTEMPATH/CodeIgniter.php(366): CodeIgniter\CodeIgniter->handleRequest(null, Object(Config\Cache), false)
12 FCPATH/index.php(67): CodeIgniter\CodeIgniter->run()
