ERROR - 2023-09-24 00:22:38 --> mysqli_sql_exception: Column 'height' cannot be null in /var/www/vhosts/saubolmed.kz/lab.saubolmed.kz/system/Database/MySQLi/Connection.php:295
Stack trace:
#0 /var/www/vhosts/saubolmed.kz/lab.saubolmed.kz/system/Database/MySQLi/Connection.php(295): mysqli->query('INSERT INTO `He...', 0)
#1 /var/www/vhosts/saubolmed.kz/lab.saubolmed.kz/system/Database/BaseConnection.php(692): CodeIgniter\Database\MySQLi\Connection->execute('INSERT INTO `He...')
#2 /var/www/vhosts/saubolmed.kz/lab.saubolmed.kz/system/Database/BaseConnection.php(606): CodeIgniter\Database\BaseConnection->simpleQuery('INSERT INTO `He...')
#3 /var/www/vhosts/saubolmed.kz/lab.saubolmed.kz/system/Database/BaseBuilder.php(2309): CodeIgniter\Database\BaseConnection->query('INSERT INTO `He...', Array, false)
#4 /var/www/vhosts/saubolmed.kz/lab.saubolmed.kz/system/Model.php(330): CodeIgniter\Database\BaseBuilder->insert()
#5 /var/www/vhosts/saubolmed.kz/lab.saubolmed.kz/system/BaseModel.php(782): CodeIgniter\Model->doInsert(Array)
#6 /var/www/vhosts/saubolmed.kz/lab.saubolmed.kz/system/Model.php(730): CodeIgniter\BaseModel->insert(Array, true)
#7 /var/www/vhosts/saubolmed.kz/lab.saubolmed.kz/app/Controllers/Heights.php(51): CodeIgniter\Model->insert(Array)
#8 /var/www/vhosts/saubolmed.kz/lab.saubolmed.kz/system/CodeIgniter.php(932): App\Controllers\Heights->saveOne()
#9 /var/www/vhosts/saubolmed.kz/lab.saubolmed.kz/system/CodeIgniter.php(497): CodeIgniter\CodeIgniter->runController(Object(App\Controllers\Heights))
#10 /var/www/vhosts/saubolmed.kz/lab.saubolmed.kz/system/CodeIgniter.php(366): CodeIgniter\CodeIgniter->handleRequest(NULL, Object(Config\Cache), false)
#11 /var/www/vhosts/saubolmed.kz/lab.saubolmed.kz/public/index.php(67): CodeIgniter\CodeIgniter->run()
#12 {main}
CRITICAL - 2023-09-24 00:22:38 --> Column 'height' cannot be null
in SYSTEMPATH/Database/MySQLi/Connection.php on line 295.
 1 SYSTEMPATH/Database/MySQLi/Connection.php(295): mysqli->query('INSERT INTO `Heights` (`height`, `patient_iin`, `created_at`, `updated_at`) VALUES (NULL, \'830430350473\', \'2023-09-24 00:22:38\', \'2023-09-24 00:22:38\')', 0)
 2 SYSTEMPATH/Database/BaseConnection.php(692): CodeIgniter\Database\MySQLi\Connection->execute('INSERT INTO `Heights` (`height`, `patient_iin`, `created_at`, `updated_at`) VALUES (NULL, \'830430350473\', \'2023-09-24 00:22:38\', \'2023-09-24 00:22:38\')')
 3 SYSTEMPATH/Database/BaseConnection.php(606): CodeIgniter\Database\BaseConnection->simpleQuery('INSERT INTO `Heights` (`height`, `patient_iin`, `created_at`, `updated_at`) VALUES (NULL, \'830430350473\', \'2023-09-24 00:22:38\', \'2023-09-24 00:22:38\')')
 4 SYSTEMPATH/Database/BaseBuilder.php(2309): CodeIgniter\Database\BaseConnection->query('INSERT INTO `Heights` (`height`, `patient_iin`, `created_at`, `updated_at`) VALUES (:height:, :patient_iin:, :created_at:, :updated_at:)', [...], false)
 5 SYSTEMPATH/Model.php(330): CodeIgniter\Database\BaseBuilder->insert()
 6 SYSTEMPATH/BaseModel.php(782): CodeIgniter\Model->doInsert([...])
 7 SYSTEMPATH/Model.php(730): CodeIgniter\BaseModel->insert([...], true)
 8 APPPATH/Controllers/Heights.php(51): CodeIgniter\Model->insert([...])
 9 SYSTEMPATH/CodeIgniter.php(932): App\Controllers\Heights->saveOne()
10 SYSTEMPATH/CodeIgniter.php(497): CodeIgniter\CodeIgniter->runController(Object(App\Controllers\Heights))
11 SYSTEMPATH/CodeIgniter.php(366): CodeIgniter\CodeIgniter->handleRequest(null, Object(Config\Cache), false)
12 FCPATH/index.php(67): CodeIgniter\CodeIgniter->run()
ERROR - 2023-09-24 00:23:21 --> mysqli_sql_exception: Column 'height' cannot be null in /var/www/vhosts/saubolmed.kz/lab.saubolmed.kz/system/Database/MySQLi/Connection.php:295
Stack trace:
#0 /var/www/vhosts/saubolmed.kz/lab.saubolmed.kz/system/Database/MySQLi/Connection.php(295): mysqli->query('INSERT INTO `He...', 0)
#1 /var/www/vhosts/saubolmed.kz/lab.saubolmed.kz/system/Database/BaseConnection.php(692): CodeIgniter\Database\MySQLi\Connection->execute('INSERT INTO `He...')
#2 /var/www/vhosts/saubolmed.kz/lab.saubolmed.kz/system/Database/BaseConnection.php(606): CodeIgniter\Database\BaseConnection->simpleQuery('INSERT INTO `He...')
#3 /var/www/vhosts/saubolmed.kz/lab.saubolmed.kz/system/Database/BaseBuilder.php(2309): CodeIgniter\Database\BaseConnection->query('INSERT INTO `He...', Array, false)
#4 /var/www/vhosts/saubolmed.kz/lab.saubolmed.kz/system/Model.php(330): CodeIgniter\Database\BaseBuilder->insert()
#5 /var/www/vhosts/saubolmed.kz/lab.saubolmed.kz/system/BaseModel.php(782): CodeIgniter\Model->doInsert(Array)
#6 /var/www/vhosts/saubolmed.kz/lab.saubolmed.kz/system/Model.php(730): CodeIgniter\BaseModel->insert(Array, true)
#7 /var/www/vhosts/saubolmed.kz/lab.saubolmed.kz/app/Controllers/Heights.php(51): CodeIgniter\Model->insert(Array)
#8 /var/www/vhosts/saubolmed.kz/lab.saubolmed.kz/system/CodeIgniter.php(932): App\Controllers\Heights->saveOne()
#9 /var/www/vhosts/saubolmed.kz/lab.saubolmed.kz/system/CodeIgniter.php(497): CodeIgniter\CodeIgniter->runController(Object(App\Controllers\Heights))
#10 /var/www/vhosts/saubolmed.kz/lab.saubolmed.kz/system/CodeIgniter.php(366): CodeIgniter\CodeIgniter->handleRequest(NULL, Object(Config\Cache), false)
#11 /var/www/vhosts/saubolmed.kz/lab.saubolmed.kz/public/index.php(67): CodeIgniter\CodeIgniter->run()
#12 {main}
CRITICAL - 2023-09-24 00:23:21 --> Column 'height' cannot be null
in SYSTEMPATH/Database/MySQLi/Connection.php on line 295.
 1 SYSTEMPATH/Database/MySQLi/Connection.php(295): mysqli->query('INSERT INTO `Heights` (`height`, `patient_iin`, `created_at`, `updated_at`) VALUES (NULL, \'830430350473\', \'2023-09-24 00:23:21\', \'2023-09-24 00:23:21\')', 0)
 2 SYSTEMPATH/Database/BaseConnection.php(692): CodeIgniter\Database\MySQLi\Connection->execute('INSERT INTO `Heights` (`height`, `patient_iin`, `created_at`, `updated_at`) VALUES (NULL, \'830430350473\', \'2023-09-24 00:23:21\', \'2023-09-24 00:23:21\')')
 3 SYSTEMPATH/Database/BaseConnection.php(606): CodeIgniter\Database\BaseConnection->simpleQuery('INSERT INTO `Heights` (`height`, `patient_iin`, `created_at`, `updated_at`) VALUES (NULL, \'830430350473\', \'2023-09-24 00:23:21\', \'2023-09-24 00:23:21\')')
 4 SYSTEMPATH/Database/BaseBuilder.php(2309): CodeIgniter\Database\BaseConnection->query('INSERT INTO `Heights` (`height`, `patient_iin`, `created_at`, `updated_at`) VALUES (:height:, :patient_iin:, :created_at:, :updated_at:)', [...], false)
 5 SYSTEMPATH/Model.php(330): CodeIgniter\Database\BaseBuilder->insert()
 6 SYSTEMPATH/BaseModel.php(782): CodeIgniter\Model->doInsert([...])
 7 SYSTEMPATH/Model.php(730): CodeIgniter\BaseModel->insert([...], true)
 8 APPPATH/Controllers/Heights.php(51): CodeIgniter\Model->insert([...])
 9 SYSTEMPATH/CodeIgniter.php(932): App\Controllers\Heights->saveOne()
10 SYSTEMPATH/CodeIgniter.php(497): CodeIgniter\CodeIgniter->runController(Object(App\Controllers\Heights))
11 SYSTEMPATH/CodeIgniter.php(366): CodeIgniter\CodeIgniter->handleRequest(null, Object(Config\Cache), false)
12 FCPATH/index.php(67): CodeIgniter\CodeIgniter->run()
ERROR - 2023-09-24 00:23:28 --> mysqli_sql_exception: Column 'height' cannot be null in /var/www/vhosts/saubolmed.kz/lab.saubolmed.kz/system/Database/MySQLi/Connection.php:295
Stack trace:
#0 /var/www/vhosts/saubolmed.kz/lab.saubolmed.kz/system/Database/MySQLi/Connection.php(295): mysqli->query('INSERT INTO `He...', 0)
#1 /var/www/vhosts/saubolmed.kz/lab.saubolmed.kz/system/Database/BaseConnection.php(692): CodeIgniter\Database\MySQLi\Connection->execute('INSERT INTO `He...')
#2 /var/www/vhosts/saubolmed.kz/lab.saubolmed.kz/system/Database/BaseConnection.php(606): CodeIgniter\Database\BaseConnection->simpleQuery('INSERT INTO `He...')
#3 /var/www/vhosts/saubolmed.kz/lab.saubolmed.kz/system/Database/BaseBuilder.php(2309): CodeIgniter\Database\BaseConnection->query('INSERT INTO `He...', Array, false)
#4 /var/www/vhosts/saubolmed.kz/lab.saubolmed.kz/system/Model.php(330): CodeIgniter\Database\BaseBuilder->insert()
#5 /var/www/vhosts/saubolmed.kz/lab.saubolmed.kz/system/BaseModel.php(782): CodeIgniter\Model->doInsert(Array)
#6 /var/www/vhosts/saubolmed.kz/lab.saubolmed.kz/system/Model.php(730): CodeIgniter\BaseModel->insert(Array, true)
#7 /var/www/vhosts/saubolmed.kz/lab.saubolmed.kz/app/Controllers/Heights.php(51): CodeIgniter\Model->insert(Array)
#8 /var/www/vhosts/saubolmed.kz/lab.saubolmed.kz/system/CodeIgniter.php(932): App\Controllers\Heights->saveOne()
#9 /var/www/vhosts/saubolmed.kz/lab.saubolmed.kz/system/CodeIgniter.php(497): CodeIgniter\CodeIgniter->runController(Object(App\Controllers\Heights))
#10 /var/www/vhosts/saubolmed.kz/lab.saubolmed.kz/system/CodeIgniter.php(366): CodeIgniter\CodeIgniter->handleRequest(NULL, Object(Config\Cache), false)
#11 /var/www/vhosts/saubolmed.kz/lab.saubolmed.kz/public/index.php(67): CodeIgniter\CodeIgniter->run()
#12 {main}
CRITICAL - 2023-09-24 00:23:28 --> Column 'height' cannot be null
in SYSTEMPATH/Database/MySQLi/Connection.php on line 295.
 1 SYSTEMPATH/Database/MySQLi/Connection.php(295): mysqli->query('INSERT INTO `Heights` (`height`, `patient_iin`, `created_at`, `updated_at`) VALUES (NULL, \'830430350473\', \'2023-09-24 00:23:28\', \'2023-09-24 00:23:28\')', 0)
 2 SYSTEMPATH/Database/BaseConnection.php(692): CodeIgniter\Database\MySQLi\Connection->execute('INSERT INTO `Heights` (`height`, `patient_iin`, `created_at`, `updated_at`) VALUES (NULL, \'830430350473\', \'2023-09-24 00:23:28\', \'2023-09-24 00:23:28\')')
 3 SYSTEMPATH/Database/BaseConnection.php(606): CodeIgniter\Database\BaseConnection->simpleQuery('INSERT INTO `Heights` (`height`, `patient_iin`, `created_at`, `updated_at`) VALUES (NULL, \'830430350473\', \'2023-09-24 00:23:28\', \'2023-09-24 00:23:28\')')
 4 SYSTEMPATH/Database/BaseBuilder.php(2309): CodeIgniter\Database\BaseConnection->query('INSERT INTO `Heights` (`height`, `patient_iin`, `created_at`, `updated_at`) VALUES (:height:, :patient_iin:, :created_at:, :updated_at:)', [...], false)
 5 SYSTEMPATH/Model.php(330): CodeIgniter\Database\BaseBuilder->insert()
 6 SYSTEMPATH/BaseModel.php(782): CodeIgniter\Model->doInsert([...])
 7 SYSTEMPATH/Model.php(730): CodeIgniter\BaseModel->insert([...], true)
 8 APPPATH/Controllers/Heights.php(51): CodeIgniter\Model->insert([...])
 9 SYSTEMPATH/CodeIgniter.php(932): App\Controllers\Heights->saveOne()
10 SYSTEMPATH/CodeIgniter.php(497): CodeIgniter\CodeIgniter->runController(Object(App\Controllers\Heights))
11 SYSTEMPATH/CodeIgniter.php(366): CodeIgniter\CodeIgniter->handleRequest(null, Object(Config\Cache), false)
12 FCPATH/index.php(67): CodeIgniter\CodeIgniter->run()
ERROR - 2023-09-24 00:24:49 --> mysqli_sql_exception: Column 'height' cannot be null in /var/www/vhosts/saubolmed.kz/lab.saubolmed.kz/system/Database/MySQLi/Connection.php:295
Stack trace:
#0 /var/www/vhosts/saubolmed.kz/lab.saubolmed.kz/system/Database/MySQLi/Connection.php(295): mysqli->query('INSERT INTO `He...', 0)
#1 /var/www/vhosts/saubolmed.kz/lab.saubolmed.kz/system/Database/BaseConnection.php(692): CodeIgniter\Database\MySQLi\Connection->execute('INSERT INTO `He...')
#2 /var/www/vhosts/saubolmed.kz/lab.saubolmed.kz/system/Database/BaseConnection.php(606): CodeIgniter\Database\BaseConnection->simpleQuery('INSERT INTO `He...')
#3 /var/www/vhosts/saubolmed.kz/lab.saubolmed.kz/system/Database/BaseBuilder.php(2309): CodeIgniter\Database\BaseConnection->query('INSERT INTO `He...', Array, false)
#4 /var/www/vhosts/saubolmed.kz/lab.saubolmed.kz/system/Model.php(330): CodeIgniter\Database\BaseBuilder->insert()
#5 /var/www/vhosts/saubolmed.kz/lab.saubolmed.kz/system/BaseModel.php(782): CodeIgniter\Model->doInsert(Array)
#6 /var/www/vhosts/saubolmed.kz/lab.saubolmed.kz/system/Model.php(730): CodeIgniter\BaseModel->insert(Array, true)
#7 /var/www/vhosts/saubolmed.kz/lab.saubolmed.kz/app/Controllers/Heights.php(51): CodeIgniter\Model->insert(Array)
#8 /var/www/vhosts/saubolmed.kz/lab.saubolmed.kz/system/CodeIgniter.php(932): App\Controllers\Heights->saveOne()
#9 /var/www/vhosts/saubolmed.kz/lab.saubolmed.kz/system/CodeIgniter.php(497): CodeIgniter\CodeIgniter->runController(Object(App\Controllers\Heights))
#10 /var/www/vhosts/saubolmed.kz/lab.saubolmed.kz/system/CodeIgniter.php(366): CodeIgniter\CodeIgniter->handleRequest(NULL, Object(Config\Cache), false)
#11 /var/www/vhosts/saubolmed.kz/lab.saubolmed.kz/public/index.php(67): CodeIgniter\CodeIgniter->run()
#12 {main}
CRITICAL - 2023-09-24 00:24:49 --> Column 'height' cannot be null
in SYSTEMPATH/Database/MySQLi/Connection.php on line 295.
 1 SYSTEMPATH/Database/MySQLi/Connection.php(295): mysqli->query('INSERT INTO `Heights` (`height`, `patient_iin`, `created_at`, `updated_at`) VALUES (NULL, \'830430350473\', \'2023-09-24 00:24:49\', \'2023-09-24 00:24:49\')', 0)
 2 SYSTEMPATH/Database/BaseConnection.php(692): CodeIgniter\Database\MySQLi\Connection->execute('INSERT INTO `Heights` (`height`, `patient_iin`, `created_at`, `updated_at`) VALUES (NULL, \'830430350473\', \'2023-09-24 00:24:49\', \'2023-09-24 00:24:49\')')
 3 SYSTEMPATH/Database/BaseConnection.php(606): CodeIgniter\Database\BaseConnection->simpleQuery('INSERT INTO `Heights` (`height`, `patient_iin`, `created_at`, `updated_at`) VALUES (NULL, \'830430350473\', \'2023-09-24 00:24:49\', \'2023-09-24 00:24:49\')')
 4 SYSTEMPATH/Database/BaseBuilder.php(2309): CodeIgniter\Database\BaseConnection->query('INSERT INTO `Heights` (`height`, `patient_iin`, `created_at`, `updated_at`) VALUES (:height:, :patient_iin:, :created_at:, :updated_at:)', [...], false)
 5 SYSTEMPATH/Model.php(330): CodeIgniter\Database\BaseBuilder->insert()
 6 SYSTEMPATH/BaseModel.php(782): CodeIgniter\Model->doInsert([...])
 7 SYSTEMPATH/Model.php(730): CodeIgniter\BaseModel->insert([...], true)
 8 APPPATH/Controllers/Heights.php(51): CodeIgniter\Model->insert([...])
 9 SYSTEMPATH/CodeIgniter.php(932): App\Controllers\Heights->saveOne()
10 SYSTEMPATH/CodeIgniter.php(497): CodeIgniter\CodeIgniter->runController(Object(App\Controllers\Heights))
11 SYSTEMPATH/CodeIgniter.php(366): CodeIgniter\CodeIgniter->handleRequest(null, Object(Config\Cache), false)
12 FCPATH/index.php(67): CodeIgniter\CodeIgniter->run()
ERROR - 2023-09-24 00:25:19 --> mysqli_sql_exception: Column 'height' cannot be null in /var/www/vhosts/saubolmed.kz/lab.saubolmed.kz/system/Database/MySQLi/Connection.php:295
Stack trace:
#0 /var/www/vhosts/saubolmed.kz/lab.saubolmed.kz/system/Database/MySQLi/Connection.php(295): mysqli->query('INSERT INTO `He...', 0)
#1 /var/www/vhosts/saubolmed.kz/lab.saubolmed.kz/system/Database/BaseConnection.php(692): CodeIgniter\Database\MySQLi\Connection->execute('INSERT INTO `He...')
#2 /var/www/vhosts/saubolmed.kz/lab.saubolmed.kz/system/Database/BaseConnection.php(606): CodeIgniter\Database\BaseConnection->simpleQuery('INSERT INTO `He...')
#3 /var/www/vhosts/saubolmed.kz/lab.saubolmed.kz/system/Database/BaseBuilder.php(2309): CodeIgniter\Database\BaseConnection->query('INSERT INTO `He...', Array, false)
#4 /var/www/vhosts/saubolmed.kz/lab.saubolmed.kz/system/Model.php(330): CodeIgniter\Database\BaseBuilder->insert()
#5 /var/www/vhosts/saubolmed.kz/lab.saubolmed.kz/system/BaseModel.php(782): CodeIgniter\Model->doInsert(Array)
#6 /var/www/vhosts/saubolmed.kz/lab.saubolmed.kz/system/Model.php(730): CodeIgniter\BaseModel->insert(Array, true)
#7 /var/www/vhosts/saubolmed.kz/lab.saubolmed.kz/app/Controllers/Heights.php(51): CodeIgniter\Model->insert(Array)
#8 /var/www/vhosts/saubolmed.kz/lab.saubolmed.kz/system/CodeIgniter.php(932): App\Controllers\Heights->saveOne()
#9 /var/www/vhosts/saubolmed.kz/lab.saubolmed.kz/system/CodeIgniter.php(497): CodeIgniter\CodeIgniter->runController(Object(App\Controllers\Heights))
#10 /var/www/vhosts/saubolmed.kz/lab.saubolmed.kz/system/CodeIgniter.php(366): CodeIgniter\CodeIgniter->handleRequest(NULL, Object(Config\Cache), false)
#11 /var/www/vhosts/saubolmed.kz/lab.saubolmed.kz/public/index.php(67): CodeIgniter\CodeIgniter->run()
#12 {main}
CRITICAL - 2023-09-24 00:25:19 --> Column 'height' cannot be null
in SYSTEMPATH/Database/MySQLi/Connection.php on line 295.
 1 SYSTEMPATH/Database/MySQLi/Connection.php(295): mysqli->query('INSERT INTO `Heights` (`height`, `patient_iin`, `created_at`, `updated_at`) VALUES (NULL, \'830430350473\', \'2023-09-24 00:25:19\', \'2023-09-24 00:25:19\')', 0)
 2 SYSTEMPATH/Database/BaseConnection.php(692): CodeIgniter\Database\MySQLi\Connection->execute('INSERT INTO `Heights` (`height`, `patient_iin`, `created_at`, `updated_at`) VALUES (NULL, \'830430350473\', \'2023-09-24 00:25:19\', \'2023-09-24 00:25:19\')')
 3 SYSTEMPATH/Database/BaseConnection.php(606): CodeIgniter\Database\BaseConnection->simpleQuery('INSERT INTO `Heights` (`height`, `patient_iin`, `created_at`, `updated_at`) VALUES (NULL, \'830430350473\', \'2023-09-24 00:25:19\', \'2023-09-24 00:25:19\')')
 4 SYSTEMPATH/Database/BaseBuilder.php(2309): CodeIgniter\Database\BaseConnection->query('INSERT INTO `Heights` (`height`, `patient_iin`, `created_at`, `updated_at`) VALUES (:height:, :patient_iin:, :created_at:, :updated_at:)', [...], false)
 5 SYSTEMPATH/Model.php(330): CodeIgniter\Database\BaseBuilder->insert()
 6 SYSTEMPATH/BaseModel.php(782): CodeIgniter\Model->doInsert([...])
 7 SYSTEMPATH/Model.php(730): CodeIgniter\BaseModel->insert([...], true)
 8 APPPATH/Controllers/Heights.php(51): CodeIgniter\Model->insert([...])
 9 SYSTEMPATH/CodeIgniter.php(932): App\Controllers\Heights->saveOne()
10 SYSTEMPATH/CodeIgniter.php(497): CodeIgniter\CodeIgniter->runController(Object(App\Controllers\Heights))
11 SYSTEMPATH/CodeIgniter.php(366): CodeIgniter\CodeIgniter->handleRequest(null, Object(Config\Cache), false)
12 FCPATH/index.php(67): CodeIgniter\CodeIgniter->run()
ERROR - 2023-09-24 00:26:14 --> mysqli_sql_exception: Column 'height' cannot be null in /var/www/vhosts/saubolmed.kz/lab.saubolmed.kz/system/Database/MySQLi/Connection.php:295
Stack trace:
#0 /var/www/vhosts/saubolmed.kz/lab.saubolmed.kz/system/Database/MySQLi/Connection.php(295): mysqli->query('INSERT INTO `He...', 0)
#1 /var/www/vhosts/saubolmed.kz/lab.saubolmed.kz/system/Database/BaseConnection.php(692): CodeIgniter\Database\MySQLi\Connection->execute('INSERT INTO `He...')
#2 /var/www/vhosts/saubolmed.kz/lab.saubolmed.kz/system/Database/BaseConnection.php(606): CodeIgniter\Database\BaseConnection->simpleQuery('INSERT INTO `He...')
#3 /var/www/vhosts/saubolmed.kz/lab.saubolmed.kz/system/Database/BaseBuilder.php(2309): CodeIgniter\Database\BaseConnection->query('INSERT INTO `He...', Array, false)
#4 /var/www/vhosts/saubolmed.kz/lab.saubolmed.kz/system/Model.php(330): CodeIgniter\Database\BaseBuilder->insert()
#5 /var/www/vhosts/saubolmed.kz/lab.saubolmed.kz/system/BaseModel.php(782): CodeIgniter\Model->doInsert(Array)
#6 /var/www/vhosts/saubolmed.kz/lab.saubolmed.kz/system/Model.php(730): CodeIgniter\BaseModel->insert(Array, true)
#7 /var/www/vhosts/saubolmed.kz/lab.saubolmed.kz/app/Controllers/Heights.php(51): CodeIgniter\Model->insert(Array)
#8 /var/www/vhosts/saubolmed.kz/lab.saubolmed.kz/system/CodeIgniter.php(932): App\Controllers\Heights->saveOne()
#9 /var/www/vhosts/saubolmed.kz/lab.saubolmed.kz/system/CodeIgniter.php(497): CodeIgniter\CodeIgniter->runController(Object(App\Controllers\Heights))
#10 /var/www/vhosts/saubolmed.kz/lab.saubolmed.kz/system/CodeIgniter.php(366): CodeIgniter\CodeIgniter->handleRequest(NULL, Object(Config\Cache), false)
#11 /var/www/vhosts/saubolmed.kz/lab.saubolmed.kz/public/index.php(67): CodeIgniter\CodeIgniter->run()
#12 {main}
CRITICAL - 2023-09-24 00:26:14 --> Column 'height' cannot be null
in SYSTEMPATH/Database/MySQLi/Connection.php on line 295.
 1 SYSTEMPATH/Database/MySQLi/Connection.php(295): mysqli->query('INSERT INTO `Heights` (`height`, `patient_iin`, `created_at`, `updated_at`) VALUES (NULL, \'830430350473\', \'2023-09-24 00:26:13\', \'2023-09-24 00:26:13\')', 0)
 2 SYSTEMPATH/Database/BaseConnection.php(692): CodeIgniter\Database\MySQLi\Connection->execute('INSERT INTO `Heights` (`height`, `patient_iin`, `created_at`, `updated_at`) VALUES (NULL, \'830430350473\', \'2023-09-24 00:26:13\', \'2023-09-24 00:26:13\')')
 3 SYSTEMPATH/Database/BaseConnection.php(606): CodeIgniter\Database\BaseConnection->simpleQuery('INSERT INTO `Heights` (`height`, `patient_iin`, `created_at`, `updated_at`) VALUES (NULL, \'830430350473\', \'2023-09-24 00:26:13\', \'2023-09-24 00:26:13\')')
 4 SYSTEMPATH/Database/BaseBuilder.php(2309): CodeIgniter\Database\BaseConnection->query('INSERT INTO `Heights` (`height`, `patient_iin`, `created_at`, `updated_at`) VALUES (:height:, :patient_iin:, :created_at:, :updated_at:)', [...], false)
 5 SYSTEMPATH/Model.php(330): CodeIgniter\Database\BaseBuilder->insert()
 6 SYSTEMPATH/BaseModel.php(782): CodeIgniter\Model->doInsert([...])
 7 SYSTEMPATH/Model.php(730): CodeIgniter\BaseModel->insert([...], true)
 8 APPPATH/Controllers/Heights.php(51): CodeIgniter\Model->insert([...])
 9 SYSTEMPATH/CodeIgniter.php(932): App\Controllers\Heights->saveOne()
10 SYSTEMPATH/CodeIgniter.php(497): CodeIgniter\CodeIgniter->runController(Object(App\Controllers\Heights))
11 SYSTEMPATH/CodeIgniter.php(366): CodeIgniter\CodeIgniter->handleRequest(null, Object(Config\Cache), false)
12 FCPATH/index.php(67): CodeIgniter\CodeIgniter->run()
ERROR - 2023-09-24 00:29:01 --> mysqli_sql_exception: Column 'height' cannot be null in /var/www/vhosts/saubolmed.kz/lab.saubolmed.kz/system/Database/MySQLi/Connection.php:295
Stack trace:
#0 /var/www/vhosts/saubolmed.kz/lab.saubolmed.kz/system/Database/MySQLi/Connection.php(295): mysqli->query('INSERT INTO `He...', 0)
#1 /var/www/vhosts/saubolmed.kz/lab.saubolmed.kz/system/Database/BaseConnection.php(692): CodeIgniter\Database\MySQLi\Connection->execute('INSERT INTO `He...')
#2 /var/www/vhosts/saubolmed.kz/lab.saubolmed.kz/system/Database/BaseConnection.php(606): CodeIgniter\Database\BaseConnection->simpleQuery('INSERT INTO `He...')
#3 /var/www/vhosts/saubolmed.kz/lab.saubolmed.kz/system/Database/BaseBuilder.php(2309): CodeIgniter\Database\BaseConnection->query('INSERT INTO `He...', Array, false)
#4 /var/www/vhosts/saubolmed.kz/lab.saubolmed.kz/system/Model.php(330): CodeIgniter\Database\BaseBuilder->insert()
#5 /var/www/vhosts/saubolmed.kz/lab.saubolmed.kz/system/BaseModel.php(782): CodeIgniter\Model->doInsert(Array)
#6 /var/www/vhosts/saubolmed.kz/lab.saubolmed.kz/system/Model.php(730): CodeIgniter\BaseModel->insert(Array, true)
#7 /var/www/vhosts/saubolmed.kz/lab.saubolmed.kz/app/Controllers/Heights.php(51): CodeIgniter\Model->insert(Array)
#8 /var/www/vhosts/saubolmed.kz/lab.saubolmed.kz/system/CodeIgniter.php(932): App\Controllers\Heights->saveOne()
#9 /var/www/vhosts/saubolmed.kz/lab.saubolmed.kz/system/CodeIgniter.php(497): CodeIgniter\CodeIgniter->runController(Object(App\Controllers\Heights))
#10 /var/www/vhosts/saubolmed.kz/lab.saubolmed.kz/system/CodeIgniter.php(366): CodeIgniter\CodeIgniter->handleRequest(NULL, Object(Config\Cache), false)
#11 /var/www/vhosts/saubolmed.kz/lab.saubolmed.kz/public/index.php(67): CodeIgniter\CodeIgniter->run()
#12 {main}
CRITICAL - 2023-09-24 00:29:01 --> Column 'height' cannot be null
in SYSTEMPATH/Database/MySQLi/Connection.php on line 295.
 1 SYSTEMPATH/Database/MySQLi/Connection.php(295): mysqli->query('INSERT INTO `Heights` (`height`, `patient_iin`, `created_at`, `updated_at`) VALUES (NULL, \'830430350473\', \'2023-09-24 00:29:01\', \'2023-09-24 00:29:01\')', 0)
 2 SYSTEMPATH/Database/BaseConnection.php(692): CodeIgniter\Database\MySQLi\Connection->execute('INSERT INTO `Heights` (`height`, `patient_iin`, `created_at`, `updated_at`) VALUES (NULL, \'830430350473\', \'2023-09-24 00:29:01\', \'2023-09-24 00:29:01\')')
 3 SYSTEMPATH/Database/BaseConnection.php(606): CodeIgniter\Database\BaseConnection->simpleQuery('INSERT INTO `Heights` (`height`, `patient_iin`, `created_at`, `updated_at`) VALUES (NULL, \'830430350473\', \'2023-09-24 00:29:01\', \'2023-09-24 00:29:01\')')
 4 SYSTEMPATH/Database/BaseBuilder.php(2309): CodeIgniter\Database\BaseConnection->query('INSERT INTO `Heights` (`height`, `patient_iin`, `created_at`, `updated_at`) VALUES (:height:, :patient_iin:, :created_at:, :updated_at:)', [...], false)
 5 SYSTEMPATH/Model.php(330): CodeIgniter\Database\BaseBuilder->insert()
 6 SYSTEMPATH/BaseModel.php(782): CodeIgniter\Model->doInsert([...])
 7 SYSTEMPATH/Model.php(730): CodeIgniter\BaseModel->insert([...], true)
 8 APPPATH/Controllers/Heights.php(51): CodeIgniter\Model->insert([...])
 9 SYSTEMPATH/CodeIgniter.php(932): App\Controllers\Heights->saveOne()
10 SYSTEMPATH/CodeIgniter.php(497): CodeIgniter\CodeIgniter->runController(Object(App\Controllers\Heights))
11 SYSTEMPATH/CodeIgniter.php(366): CodeIgniter\CodeIgniter->handleRequest(null, Object(Config\Cache), false)
12 FCPATH/index.php(67): CodeIgniter\CodeIgniter->run()
ERROR - 2023-09-24 00:30:16 --> mysqli_sql_exception: Column 'height' cannot be null in /var/www/vhosts/saubolmed.kz/lab.saubolmed.kz/system/Database/MySQLi/Connection.php:295
Stack trace:
#0 /var/www/vhosts/saubolmed.kz/lab.saubolmed.kz/system/Database/MySQLi/Connection.php(295): mysqli->query('INSERT INTO `He...', 0)
#1 /var/www/vhosts/saubolmed.kz/lab.saubolmed.kz/system/Database/BaseConnection.php(692): CodeIgniter\Database\MySQLi\Connection->execute('INSERT INTO `He...')
#2 /var/www/vhosts/saubolmed.kz/lab.saubolmed.kz/system/Database/BaseConnection.php(606): CodeIgniter\Database\BaseConnection->simpleQuery('INSERT INTO `He...')
#3 /var/www/vhosts/saubolmed.kz/lab.saubolmed.kz/system/Database/BaseBuilder.php(2309): CodeIgniter\Database\BaseConnection->query('INSERT INTO `He...', Array, false)
#4 /var/www/vhosts/saubolmed.kz/lab.saubolmed.kz/system/Model.php(330): CodeIgniter\Database\BaseBuilder->insert()
#5 /var/www/vhosts/saubolmed.kz/lab.saubolmed.kz/system/BaseModel.php(782): CodeIgniter\Model->doInsert(Array)
#6 /var/www/vhosts/saubolmed.kz/lab.saubolmed.kz/system/Model.php(730): CodeIgniter\BaseModel->insert(Array, true)
#7 /var/www/vhosts/saubolmed.kz/lab.saubolmed.kz/app/Controllers/Heights.php(51): CodeIgniter\Model->insert(Array)
#8 /var/www/vhosts/saubolmed.kz/lab.saubolmed.kz/system/CodeIgniter.php(932): App\Controllers\Heights->saveOne()
#9 /var/www/vhosts/saubolmed.kz/lab.saubolmed.kz/system/CodeIgniter.php(497): CodeIgniter\CodeIgniter->runController(Object(App\Controllers\Heights))
#10 /var/www/vhosts/saubolmed.kz/lab.saubolmed.kz/system/CodeIgniter.php(366): CodeIgniter\CodeIgniter->handleRequest(NULL, Object(Config\Cache), false)
#11 /var/www/vhosts/saubolmed.kz/lab.saubolmed.kz/public/index.php(67): CodeIgniter\CodeIgniter->run()
#12 {main}
CRITICAL - 2023-09-24 00:30:16 --> Column 'height' cannot be null
in SYSTEMPATH/Database/MySQLi/Connection.php on line 295.
 1 SYSTEMPATH/Database/MySQLi/Connection.php(295): mysqli->query('INSERT INTO `Heights` (`height`, `patient_iin`, `created_at`, `updated_at`) VALUES (NULL, \'830430350473\', \'2023-09-24 00:30:16\', \'2023-09-24 00:30:16\')', 0)
 2 SYSTEMPATH/Database/BaseConnection.php(692): CodeIgniter\Database\MySQLi\Connection->execute('INSERT INTO `Heights` (`height`, `patient_iin`, `created_at`, `updated_at`) VALUES (NULL, \'830430350473\', \'2023-09-24 00:30:16\', \'2023-09-24 00:30:16\')')
 3 SYSTEMPATH/Database/BaseConnection.php(606): CodeIgniter\Database\BaseConnection->simpleQuery('INSERT INTO `Heights` (`height`, `patient_iin`, `created_at`, `updated_at`) VALUES (NULL, \'830430350473\', \'2023-09-24 00:30:16\', \'2023-09-24 00:30:16\')')
 4 SYSTEMPATH/Database/BaseBuilder.php(2309): CodeIgniter\Database\BaseConnection->query('INSERT INTO `Heights` (`height`, `patient_iin`, `created_at`, `updated_at`) VALUES (:height:, :patient_iin:, :created_at:, :updated_at:)', [...], false)
 5 SYSTEMPATH/Model.php(330): CodeIgniter\Database\BaseBuilder->insert()
 6 SYSTEMPATH/BaseModel.php(782): CodeIgniter\Model->doInsert([...])
 7 SYSTEMPATH/Model.php(730): CodeIgniter\BaseModel->insert([...], true)
 8 APPPATH/Controllers/Heights.php(51): CodeIgniter\Model->insert([...])
 9 SYSTEMPATH/CodeIgniter.php(932): App\Controllers\Heights->saveOne()
10 SYSTEMPATH/CodeIgniter.php(497): CodeIgniter\CodeIgniter->runController(Object(App\Controllers\Heights))
11 SYSTEMPATH/CodeIgniter.php(366): CodeIgniter\CodeIgniter->handleRequest(null, Object(Config\Cache), false)
12 FCPATH/index.php(67): CodeIgniter\CodeIgniter->run()
ERROR - 2023-09-24 00:38:06 --> mysqli_sql_exception: Column 'height' cannot be null in /var/www/vhosts/saubolmed.kz/lab.saubolmed.kz/system/Database/MySQLi/Connection.php:295
Stack trace:
#0 /var/www/vhosts/saubolmed.kz/lab.saubolmed.kz/system/Database/MySQLi/Connection.php(295): mysqli->query('INSERT INTO `He...', 0)
#1 /var/www/vhosts/saubolmed.kz/lab.saubolmed.kz/system/Database/BaseConnection.php(692): CodeIgniter\Database\MySQLi\Connection->execute('INSERT INTO `He...')
#2 /var/www/vhosts/saubolmed.kz/lab.saubolmed.kz/system/Database/BaseConnection.php(606): CodeIgniter\Database\BaseConnection->simpleQuery('INSERT INTO `He...')
#3 /var/www/vhosts/saubolmed.kz/lab.saubolmed.kz/system/Database/BaseBuilder.php(2309): CodeIgniter\Database\BaseConnection->query('INSERT INTO `He...', Array, false)
#4 /var/www/vhosts/saubolmed.kz/lab.saubolmed.kz/system/Model.php(330): CodeIgniter\Database\BaseBuilder->insert()
#5 /var/www/vhosts/saubolmed.kz/lab.saubolmed.kz/system/BaseModel.php(782): CodeIgniter\Model->doInsert(Array)
#6 /var/www/vhosts/saubolmed.kz/lab.saubolmed.kz/system/Model.php(730): CodeIgniter\BaseModel->insert(Array, true)
#7 /var/www/vhosts/saubolmed.kz/lab.saubolmed.kz/app/Controllers/Heights.php(51): CodeIgniter\Model->insert(Array)
#8 /var/www/vhosts/saubolmed.kz/lab.saubolmed.kz/system/CodeIgniter.php(932): App\Controllers\Heights->saveOne()
#9 /var/www/vhosts/saubolmed.kz/lab.saubolmed.kz/system/CodeIgniter.php(497): CodeIgniter\CodeIgniter->runController(Object(App\Controllers\Heights))
#10 /var/www/vhosts/saubolmed.kz/lab.saubolmed.kz/system/CodeIgniter.php(366): CodeIgniter\CodeIgniter->handleRequest(NULL, Object(Config\Cache), false)
#11 /var/www/vhosts/saubolmed.kz/lab.saubolmed.kz/public/index.php(67): CodeIgniter\CodeIgniter->run()
#12 {main}
CRITICAL - 2023-09-24 00:38:06 --> Column 'height' cannot be null
in SYSTEMPATH/Database/MySQLi/Connection.php on line 295.
 1 SYSTEMPATH/Database/MySQLi/Connection.php(295): mysqli->query('INSERT INTO `Heights` (`height`, `patient_iin`, `created_at`, `updated_at`) VALUES (NULL, \'830430350473\', \'2023-09-24 00:38:06\', \'2023-09-24 00:38:06\')', 0)
 2 SYSTEMPATH/Database/BaseConnection.php(692): CodeIgniter\Database\MySQLi\Connection->execute('INSERT INTO `Heights` (`height`, `patient_iin`, `created_at`, `updated_at`) VALUES (NULL, \'830430350473\', \'2023-09-24 00:38:06\', \'2023-09-24 00:38:06\')')
 3 SYSTEMPATH/Database/BaseConnection.php(606): CodeIgniter\Database\BaseConnection->simpleQuery('INSERT INTO `Heights` (`height`, `patient_iin`, `created_at`, `updated_at`) VALUES (NULL, \'830430350473\', \'2023-09-24 00:38:06\', \'2023-09-24 00:38:06\')')
 4 SYSTEMPATH/Database/BaseBuilder.php(2309): CodeIgniter\Database\BaseConnection->query('INSERT INTO `Heights` (`height`, `patient_iin`, `created_at`, `updated_at`) VALUES (:height:, :patient_iin:, :created_at:, :updated_at:)', [...], false)
 5 SYSTEMPATH/Model.php(330): CodeIgniter\Database\BaseBuilder->insert()
 6 SYSTEMPATH/BaseModel.php(782): CodeIgniter\Model->doInsert([...])
 7 SYSTEMPATH/Model.php(730): CodeIgniter\BaseModel->insert([...], true)
 8 APPPATH/Controllers/Heights.php(51): CodeIgniter\Model->insert([...])
 9 SYSTEMPATH/CodeIgniter.php(932): App\Controllers\Heights->saveOne()
10 SYSTEMPATH/CodeIgniter.php(497): CodeIgniter\CodeIgniter->runController(Object(App\Controllers\Heights))
11 SYSTEMPATH/CodeIgniter.php(366): CodeIgniter\CodeIgniter->handleRequest(null, Object(Config\Cache), false)
12 FCPATH/index.php(67): CodeIgniter\CodeIgniter->run()
ERROR - 2023-09-24 04:23:34 --> mysqli_sql_exception: Column 'weight' cannot be null in /var/www/vhosts/saubolmed.kz/lab.saubolmed.kz/system/Database/MySQLi/Connection.php:295
Stack trace:
#0 /var/www/vhosts/saubolmed.kz/lab.saubolmed.kz/system/Database/MySQLi/Connection.php(295): mysqli->query('INSERT INTO `We...', 0)
#1 /var/www/vhosts/saubolmed.kz/lab.saubolmed.kz/system/Database/BaseConnection.php(692): CodeIgniter\Database\MySQLi\Connection->execute('INSERT INTO `We...')
#2 /var/www/vhosts/saubolmed.kz/lab.saubolmed.kz/system/Database/BaseConnection.php(606): CodeIgniter\Database\BaseConnection->simpleQuery('INSERT INTO `We...')
#3 /var/www/vhosts/saubolmed.kz/lab.saubolmed.kz/system/Database/BaseBuilder.php(2309): CodeIgniter\Database\BaseConnection->query('INSERT INTO `We...', Array, false)
#4 /var/www/vhosts/saubolmed.kz/lab.saubolmed.kz/system/Model.php(330): CodeIgniter\Database\BaseBuilder->insert()
#5 /var/www/vhosts/saubolmed.kz/lab.saubolmed.kz/system/BaseModel.php(782): CodeIgniter\Model->doInsert(Array)
#6 /var/www/vhosts/saubolmed.kz/lab.saubolmed.kz/system/Model.php(730): CodeIgniter\BaseModel->insert(Array, true)
#7 /var/www/vhosts/saubolmed.kz/lab.saubolmed.kz/app/Controllers/Weights.php(51): CodeIgniter\Model->insert(Array)
#8 /var/www/vhosts/saubolmed.kz/lab.saubolmed.kz/system/CodeIgniter.php(932): App\Controllers\Weights->saveOne()
#9 /var/www/vhosts/saubolmed.kz/lab.saubolmed.kz/system/CodeIgniter.php(497): CodeIgniter\CodeIgniter->runController(Object(App\Controllers\Weights))
#10 /var/www/vhosts/saubolmed.kz/lab.saubolmed.kz/system/CodeIgniter.php(366): CodeIgniter\CodeIgniter->handleRequest(NULL, Object(Config\Cache), false)
#11 /var/www/vhosts/saubolmed.kz/lab.saubolmed.kz/public/index.php(67): CodeIgniter\CodeIgniter->run()
#12 {main}
CRITICAL - 2023-09-24 04:23:34 --> Column 'weight' cannot be null
in SYSTEMPATH/Database/MySQLi/Connection.php on line 295.
 1 SYSTEMPATH/Database/MySQLi/Connection.php(295): mysqli->query('INSERT INTO `Weights` (`weight`, `patient_iin`, `created_at`, `updated_at`) VALUES (NULL, \'840719399121\', \'2023-09-24 04:23:34\', \'2023-09-24 04:23:34\')', 0)
 2 SYSTEMPATH/Database/BaseConnection.php(692): CodeIgniter\Database\MySQLi\Connection->execute('INSERT INTO `Weights` (`weight`, `patient_iin`, `created_at`, `updated_at`) VALUES (NULL, \'840719399121\', \'2023-09-24 04:23:34\', \'2023-09-24 04:23:34\')')
 3 SYSTEMPATH/Database/BaseConnection.php(606): CodeIgniter\Database\BaseConnection->simpleQuery('INSERT INTO `Weights` (`weight`, `patient_iin`, `created_at`, `updated_at`) VALUES (NULL, \'840719399121\', \'2023-09-24 04:23:34\', \'2023-09-24 04:23:34\')')
 4 SYSTEMPATH/Database/BaseBuilder.php(2309): CodeIgniter\Database\BaseConnection->query('INSERT INTO `Weights` (`weight`, `patient_iin`, `created_at`, `updated_at`) VALUES (:weight:, :patient_iin:, :created_at:, :updated_at:)', [...], false)
 5 SYSTEMPATH/Model.php(330): CodeIgniter\Database\BaseBuilder->insert()
 6 SYSTEMPATH/BaseModel.php(782): CodeIgniter\Model->doInsert([...])
 7 SYSTEMPATH/Model.php(730): CodeIgniter\BaseModel->insert([...], true)
 8 APPPATH/Controllers/Weights.php(51): CodeIgniter\Model->insert([...])
 9 SYSTEMPATH/CodeIgniter.php(932): App\Controllers\Weights->saveOne()
10 SYSTEMPATH/CodeIgniter.php(497): CodeIgniter\CodeIgniter->runController(Object(App\Controllers\Weights))
11 SYSTEMPATH/CodeIgniter.php(366): CodeIgniter\CodeIgniter->handleRequest(null, Object(Config\Cache), false)
12 FCPATH/index.php(67): CodeIgniter\CodeIgniter->run()
ERROR - 2023-09-24 04:23:45 --> mysqli_sql_exception: Column 'height' cannot be null in /var/www/vhosts/saubolmed.kz/lab.saubolmed.kz/system/Database/MySQLi/Connection.php:295
Stack trace:
#0 /var/www/vhosts/saubolmed.kz/lab.saubolmed.kz/system/Database/MySQLi/Connection.php(295): mysqli->query('INSERT INTO `He...', 0)
#1 /var/www/vhosts/saubolmed.kz/lab.saubolmed.kz/system/Database/BaseConnection.php(692): CodeIgniter\Database\MySQLi\Connection->execute('INSERT INTO `He...')
#2 /var/www/vhosts/saubolmed.kz/lab.saubolmed.kz/system/Database/BaseConnection.php(606): CodeIgniter\Database\BaseConnection->simpleQuery('INSERT INTO `He...')
#3 /var/www/vhosts/saubolmed.kz/lab.saubolmed.kz/system/Database/BaseBuilder.php(2309): CodeIgniter\Database\BaseConnection->query('INSERT INTO `He...', Array, false)
#4 /var/www/vhosts/saubolmed.kz/lab.saubolmed.kz/system/Model.php(330): CodeIgniter\Database\BaseBuilder->insert()
#5 /var/www/vhosts/saubolmed.kz/lab.saubolmed.kz/system/BaseModel.php(782): CodeIgniter\Model->doInsert(Array)
#6 /var/www/vhosts/saubolmed.kz/lab.saubolmed.kz/system/Model.php(730): CodeIgniter\BaseModel->insert(Array, true)
#7 /var/www/vhosts/saubolmed.kz/lab.saubolmed.kz/app/Controllers/Heights.php(51): CodeIgniter\Model->insert(Array)
#8 /var/www/vhosts/saubolmed.kz/lab.saubolmed.kz/system/CodeIgniter.php(932): App\Controllers\Heights->saveOne()
#9 /var/www/vhosts/saubolmed.kz/lab.saubolmed.kz/system/CodeIgniter.php(497): CodeIgniter\CodeIgniter->runController(Object(App\Controllers\Heights))
#10 /var/www/vhosts/saubolmed.kz/lab.saubolmed.kz/system/CodeIgniter.php(366): CodeIgniter\CodeIgniter->handleRequest(NULL, Object(Config\Cache), false)
#11 /var/www/vhosts/saubolmed.kz/lab.saubolmed.kz/public/index.php(67): CodeIgniter\CodeIgniter->run()
#12 {main}
CRITICAL - 2023-09-24 04:23:45 --> Column 'height' cannot be null
in SYSTEMPATH/Database/MySQLi/Connection.php on line 295.
 1 SYSTEMPATH/Database/MySQLi/Connection.php(295): mysqli->query('INSERT INTO `Heights` (`height`, `patient_iin`, `created_at`, `updated_at`) VALUES (NULL, \'840719399121\', \'2023-09-24 04:23:45\', \'2023-09-24 04:23:45\')', 0)
 2 SYSTEMPATH/Database/BaseConnection.php(692): CodeIgniter\Database\MySQLi\Connection->execute('INSERT INTO `Heights` (`height`, `patient_iin`, `created_at`, `updated_at`) VALUES (NULL, \'840719399121\', \'2023-09-24 04:23:45\', \'2023-09-24 04:23:45\')')
 3 SYSTEMPATH/Database/BaseConnection.php(606): CodeIgniter\Database\BaseConnection->simpleQuery('INSERT INTO `Heights` (`height`, `patient_iin`, `created_at`, `updated_at`) VALUES (NULL, \'840719399121\', \'2023-09-24 04:23:45\', \'2023-09-24 04:23:45\')')
 4 SYSTEMPATH/Database/BaseBuilder.php(2309): CodeIgniter\Database\BaseConnection->query('INSERT INTO `Heights` (`height`, `patient_iin`, `created_at`, `updated_at`) VALUES (:height:, :patient_iin:, :created_at:, :updated_at:)', [...], false)
 5 SYSTEMPATH/Model.php(330): CodeIgniter\Database\BaseBuilder->insert()
 6 SYSTEMPATH/BaseModel.php(782): CodeIgniter\Model->doInsert([...])
 7 SYSTEMPATH/Model.php(730): CodeIgniter\BaseModel->insert([...], true)
 8 APPPATH/Controllers/Heights.php(51): CodeIgniter\Model->insert([...])
 9 SYSTEMPATH/CodeIgniter.php(932): App\Controllers\Heights->saveOne()
10 SYSTEMPATH/CodeIgniter.php(497): CodeIgniter\CodeIgniter->runController(Object(App\Controllers\Heights))
11 SYSTEMPATH/CodeIgniter.php(366): CodeIgniter\CodeIgniter->handleRequest(null, Object(Config\Cache), false)
12 FCPATH/index.php(67): CodeIgniter\CodeIgniter->run()
ERROR - 2023-09-24 04:24:26 --> mysqli_sql_exception: Column 'height' cannot be null in /var/www/vhosts/saubolmed.kz/lab.saubolmed.kz/system/Database/MySQLi/Connection.php:295
Stack trace:
#0 /var/www/vhosts/saubolmed.kz/lab.saubolmed.kz/system/Database/MySQLi/Connection.php(295): mysqli->query('INSERT INTO `He...', 0)
#1 /var/www/vhosts/saubolmed.kz/lab.saubolmed.kz/system/Database/BaseConnection.php(692): CodeIgniter\Database\MySQLi\Connection->execute('INSERT INTO `He...')
#2 /var/www/vhosts/saubolmed.kz/lab.saubolmed.kz/system/Database/BaseConnection.php(606): CodeIgniter\Database\BaseConnection->simpleQuery('INSERT INTO `He...')
#3 /var/www/vhosts/saubolmed.kz/lab.saubolmed.kz/system/Database/BaseBuilder.php(2309): CodeIgniter\Database\BaseConnection->query('INSERT INTO `He...', Array, false)
#4 /var/www/vhosts/saubolmed.kz/lab.saubolmed.kz/system/Model.php(330): CodeIgniter\Database\BaseBuilder->insert()
#5 /var/www/vhosts/saubolmed.kz/lab.saubolmed.kz/system/BaseModel.php(782): CodeIgniter\Model->doInsert(Array)
#6 /var/www/vhosts/saubolmed.kz/lab.saubolmed.kz/system/Model.php(730): CodeIgniter\BaseModel->insert(Array, true)
#7 /var/www/vhosts/saubolmed.kz/lab.saubolmed.kz/app/Controllers/Heights.php(51): CodeIgniter\Model->insert(Array)
#8 /var/www/vhosts/saubolmed.kz/lab.saubolmed.kz/system/CodeIgniter.php(932): App\Controllers\Heights->saveOne()
#9 /var/www/vhosts/saubolmed.kz/lab.saubolmed.kz/system/CodeIgniter.php(497): CodeIgniter\CodeIgniter->runController(Object(App\Controllers\Heights))
#10 /var/www/vhosts/saubolmed.kz/lab.saubolmed.kz/system/CodeIgniter.php(366): CodeIgniter\CodeIgniter->handleRequest(NULL, Object(Config\Cache), false)
#11 /var/www/vhosts/saubolmed.kz/lab.saubolmed.kz/public/index.php(67): CodeIgniter\CodeIgniter->run()
#12 {main}
CRITICAL - 2023-09-24 04:24:26 --> Column 'height' cannot be null
in SYSTEMPATH/Database/MySQLi/Connection.php on line 295.
 1 SYSTEMPATH/Database/MySQLi/Connection.php(295): mysqli->query('INSERT INTO `Heights` (`height`, `patient_iin`, `created_at`, `updated_at`) VALUES (NULL, \'840719399121\', \'2023-09-24 04:24:26\', \'2023-09-24 04:24:26\')', 0)
 2 SYSTEMPATH/Database/BaseConnection.php(692): CodeIgniter\Database\MySQLi\Connection->execute('INSERT INTO `Heights` (`height`, `patient_iin`, `created_at`, `updated_at`) VALUES (NULL, \'840719399121\', \'2023-09-24 04:24:26\', \'2023-09-24 04:24:26\')')
 3 SYSTEMPATH/Database/BaseConnection.php(606): CodeIgniter\Database\BaseConnection->simpleQuery('INSERT INTO `Heights` (`height`, `patient_iin`, `created_at`, `updated_at`) VALUES (NULL, \'840719399121\', \'2023-09-24 04:24:26\', \'2023-09-24 04:24:26\')')
 4 SYSTEMPATH/Database/BaseBuilder.php(2309): CodeIgniter\Database\BaseConnection->query('INSERT INTO `Heights` (`height`, `patient_iin`, `created_at`, `updated_at`) VALUES (:height:, :patient_iin:, :created_at:, :updated_at:)', [...], false)
 5 SYSTEMPATH/Model.php(330): CodeIgniter\Database\BaseBuilder->insert()
 6 SYSTEMPATH/BaseModel.php(782): CodeIgniter\Model->doInsert([...])
 7 SYSTEMPATH/Model.php(730): CodeIgniter\BaseModel->insert([...], true)
 8 APPPATH/Controllers/Heights.php(51): CodeIgniter\Model->insert([...])
 9 SYSTEMPATH/CodeIgniter.php(932): App\Controllers\Heights->saveOne()
10 SYSTEMPATH/CodeIgniter.php(497): CodeIgniter\CodeIgniter->runController(Object(App\Controllers\Heights))
11 SYSTEMPATH/CodeIgniter.php(366): CodeIgniter\CodeIgniter->handleRequest(null, Object(Config\Cache), false)
12 FCPATH/index.php(67): CodeIgniter\CodeIgniter->run()
ERROR - 2023-09-24 04:24:44 --> mysqli_sql_exception: Column 'weight' cannot be null in /var/www/vhosts/saubolmed.kz/lab.saubolmed.kz/system/Database/MySQLi/Connection.php:295
Stack trace:
#0 /var/www/vhosts/saubolmed.kz/lab.saubolmed.kz/system/Database/MySQLi/Connection.php(295): mysqli->query('INSERT INTO `We...', 0)
#1 /var/www/vhosts/saubolmed.kz/lab.saubolmed.kz/system/Database/BaseConnection.php(692): CodeIgniter\Database\MySQLi\Connection->execute('INSERT INTO `We...')
#2 /var/www/vhosts/saubolmed.kz/lab.saubolmed.kz/system/Database/BaseConnection.php(606): CodeIgniter\Database\BaseConnection->simpleQuery('INSERT INTO `We...')
#3 /var/www/vhosts/saubolmed.kz/lab.saubolmed.kz/system/Database/BaseBuilder.php(2309): CodeIgniter\Database\BaseConnection->query('INSERT INTO `We...', Array, false)
#4 /var/www/vhosts/saubolmed.kz/lab.saubolmed.kz/system/Model.php(330): CodeIgniter\Database\BaseBuilder->insert()
#5 /var/www/vhosts/saubolmed.kz/lab.saubolmed.kz/system/BaseModel.php(782): CodeIgniter\Model->doInsert(Array)
#6 /var/www/vhosts/saubolmed.kz/lab.saubolmed.kz/system/Model.php(730): CodeIgniter\BaseModel->insert(Array, true)
#7 /var/www/vhosts/saubolmed.kz/lab.saubolmed.kz/app/Controllers/Weights.php(51): CodeIgniter\Model->insert(Array)
#8 /var/www/vhosts/saubolmed.kz/lab.saubolmed.kz/system/CodeIgniter.php(932): App\Controllers\Weights->saveOne()
#9 /var/www/vhosts/saubolmed.kz/lab.saubolmed.kz/system/CodeIgniter.php(497): CodeIgniter\CodeIgniter->runController(Object(App\Controllers\Weights))
#10 /var/www/vhosts/saubolmed.kz/lab.saubolmed.kz/system/CodeIgniter.php(366): CodeIgniter\CodeIgniter->handleRequest(NULL, Object(Config\Cache), false)
#11 /var/www/vhosts/saubolmed.kz/lab.saubolmed.kz/public/index.php(67): CodeIgniter\CodeIgniter->run()
#12 {main}
CRITICAL - 2023-09-24 04:24:44 --> Column 'weight' cannot be null
in SYSTEMPATH/Database/MySQLi/Connection.php on line 295.
 1 SYSTEMPATH/Database/MySQLi/Connection.php(295): mysqli->query('INSERT INTO `Weights` (`weight`, `patient_iin`, `created_at`, `updated_at`) VALUES (NULL, \'840719399121\', \'2023-09-24 04:24:44\', \'2023-09-24 04:24:44\')', 0)
 2 SYSTEMPATH/Database/BaseConnection.php(692): CodeIgniter\Database\MySQLi\Connection->execute('INSERT INTO `Weights` (`weight`, `patient_iin`, `created_at`, `updated_at`) VALUES (NULL, \'840719399121\', \'2023-09-24 04:24:44\', \'2023-09-24 04:24:44\')')
 3 SYSTEMPATH/Database/BaseConnection.php(606): CodeIgniter\Database\BaseConnection->simpleQuery('INSERT INTO `Weights` (`weight`, `patient_iin`, `created_at`, `updated_at`) VALUES (NULL, \'840719399121\', \'2023-09-24 04:24:44\', \'2023-09-24 04:24:44\')')
 4 SYSTEMPATH/Database/BaseBuilder.php(2309): CodeIgniter\Database\BaseConnection->query('INSERT INTO `Weights` (`weight`, `patient_iin`, `created_at`, `updated_at`) VALUES (:weight:, :patient_iin:, :created_at:, :updated_at:)', [...], false)
 5 SYSTEMPATH/Model.php(330): CodeIgniter\Database\BaseBuilder->insert()
 6 SYSTEMPATH/BaseModel.php(782): CodeIgniter\Model->doInsert([...])
 7 SYSTEMPATH/Model.php(730): CodeIgniter\BaseModel->insert([...], true)
 8 APPPATH/Controllers/Weights.php(51): CodeIgniter\Model->insert([...])
 9 SYSTEMPATH/CodeIgniter.php(932): App\Controllers\Weights->saveOne()
10 SYSTEMPATH/CodeIgniter.php(497): CodeIgniter\CodeIgniter->runController(Object(App\Controllers\Weights))
11 SYSTEMPATH/CodeIgniter.php(366): CodeIgniter\CodeIgniter->handleRequest(null, Object(Config\Cache), false)
12 FCPATH/index.php(67): CodeIgniter\CodeIgniter->run()
ERROR - 2023-09-24 13:06:04 --> mysqli_sql_exception: Column 'height' cannot be null in /var/www/vhosts/saubolmed.kz/lab.saubolmed.kz/system/Database/MySQLi/Connection.php:295
Stack trace:
#0 /var/www/vhosts/saubolmed.kz/lab.saubolmed.kz/system/Database/MySQLi/Connection.php(295): mysqli->query('INSERT INTO `He...', 0)
#1 /var/www/vhosts/saubolmed.kz/lab.saubolmed.kz/system/Database/BaseConnection.php(692): CodeIgniter\Database\MySQLi\Connection->execute('INSERT INTO `He...')
#2 /var/www/vhosts/saubolmed.kz/lab.saubolmed.kz/system/Database/BaseConnection.php(606): CodeIgniter\Database\BaseConnection->simpleQuery('INSERT INTO `He...')
#3 /var/www/vhosts/saubolmed.kz/lab.saubolmed.kz/system/Database/BaseBuilder.php(2309): CodeIgniter\Database\BaseConnection->query('INSERT INTO `He...', Array, false)
#4 /var/www/vhosts/saubolmed.kz/lab.saubolmed.kz/system/Model.php(330): CodeIgniter\Database\BaseBuilder->insert()
#5 /var/www/vhosts/saubolmed.kz/lab.saubolmed.kz/system/BaseModel.php(782): CodeIgniter\Model->doInsert(Array)
#6 /var/www/vhosts/saubolmed.kz/lab.saubolmed.kz/system/Model.php(730): CodeIgniter\BaseModel->insert(Array, true)
#7 /var/www/vhosts/saubolmed.kz/lab.saubolmed.kz/app/Controllers/Heights.php(51): CodeIgniter\Model->insert(Array)
#8 /var/www/vhosts/saubolmed.kz/lab.saubolmed.kz/system/CodeIgniter.php(932): App\Controllers\Heights->saveOne()
#9 /var/www/vhosts/saubolmed.kz/lab.saubolmed.kz/system/CodeIgniter.php(497): CodeIgniter\CodeIgniter->runController(Object(App\Controllers\Heights))
#10 /var/www/vhosts/saubolmed.kz/lab.saubolmed.kz/system/CodeIgniter.php(366): CodeIgniter\CodeIgniter->handleRequest(NULL, Object(Config\Cache), false)
#11 /var/www/vhosts/saubolmed.kz/lab.saubolmed.kz/public/index.php(67): CodeIgniter\CodeIgniter->run()
#12 {main}
CRITICAL - 2023-09-24 13:06:04 --> Column 'height' cannot be null
in SYSTEMPATH/Database/MySQLi/Connection.php on line 295.
 1 SYSTEMPATH/Database/MySQLi/Connection.php(295): mysqli->query('INSERT INTO `Heights` (`height`, `patient_iin`, `created_at`, `updated_at`) VALUES (NULL, \'840719399121\', \'2023-09-24 13:06:04\', \'2023-09-24 13:06:04\')', 0)
 2 SYSTEMPATH/Database/BaseConnection.php(692): CodeIgniter\Database\MySQLi\Connection->execute('INSERT INTO `Heights` (`height`, `patient_iin`, `created_at`, `updated_at`) VALUES (NULL, \'840719399121\', \'2023-09-24 13:06:04\', \'2023-09-24 13:06:04\')')
 3 SYSTEMPATH/Database/BaseConnection.php(606): CodeIgniter\Database\BaseConnection->simpleQuery('INSERT INTO `Heights` (`height`, `patient_iin`, `created_at`, `updated_at`) VALUES (NULL, \'840719399121\', \'2023-09-24 13:06:04\', \'2023-09-24 13:06:04\')')
 4 SYSTEMPATH/Database/BaseBuilder.php(2309): CodeIgniter\Database\BaseConnection->query('INSERT INTO `Heights` (`height`, `patient_iin`, `created_at`, `updated_at`) VALUES (:height:, :patient_iin:, :created_at:, :updated_at:)', [...], false)
 5 SYSTEMPATH/Model.php(330): CodeIgniter\Database\BaseBuilder->insert()
 6 SYSTEMPATH/BaseModel.php(782): CodeIgniter\Model->doInsert([...])
 7 SYSTEMPATH/Model.php(730): CodeIgniter\BaseModel->insert([...], true)
 8 APPPATH/Controllers/Heights.php(51): CodeIgniter\Model->insert([...])
 9 SYSTEMPATH/CodeIgniter.php(932): App\Controllers\Heights->saveOne()
10 SYSTEMPATH/CodeIgniter.php(497): CodeIgniter\CodeIgniter->runController(Object(App\Controllers\Heights))
11 SYSTEMPATH/CodeIgniter.php(366): CodeIgniter\CodeIgniter->handleRequest(null, Object(Config\Cache), false)
12 FCPATH/index.php(67): CodeIgniter\CodeIgniter->run()
ERROR - 2023-09-24 13:06:52 --> mysqli_sql_exception: Column 'height' cannot be null in /var/www/vhosts/saubolmed.kz/lab.saubolmed.kz/system/Database/MySQLi/Connection.php:295
Stack trace:
#0 /var/www/vhosts/saubolmed.kz/lab.saubolmed.kz/system/Database/MySQLi/Connection.php(295): mysqli->query('INSERT INTO `He...', 0)
#1 /var/www/vhosts/saubolmed.kz/lab.saubolmed.kz/system/Database/BaseConnection.php(692): CodeIgniter\Database\MySQLi\Connection->execute('INSERT INTO `He...')
#2 /var/www/vhosts/saubolmed.kz/lab.saubolmed.kz/system/Database/BaseConnection.php(606): CodeIgniter\Database\BaseConnection->simpleQuery('INSERT INTO `He...')
#3 /var/www/vhosts/saubolmed.kz/lab.saubolmed.kz/system/Database/BaseBuilder.php(2309): CodeIgniter\Database\BaseConnection->query('INSERT INTO `He...', Array, false)
#4 /var/www/vhosts/saubolmed.kz/lab.saubolmed.kz/system/Model.php(330): CodeIgniter\Database\BaseBuilder->insert()
#5 /var/www/vhosts/saubolmed.kz/lab.saubolmed.kz/system/BaseModel.php(782): CodeIgniter\Model->doInsert(Array)
#6 /var/www/vhosts/saubolmed.kz/lab.saubolmed.kz/system/Model.php(730): CodeIgniter\BaseModel->insert(Array, true)
#7 /var/www/vhosts/saubolmed.kz/lab.saubolmed.kz/app/Controllers/Heights.php(51): CodeIgniter\Model->insert(Array)
#8 /var/www/vhosts/saubolmed.kz/lab.saubolmed.kz/system/CodeIgniter.php(932): App\Controllers\Heights->saveOne()
#9 /var/www/vhosts/saubolmed.kz/lab.saubolmed.kz/system/CodeIgniter.php(497): CodeIgniter\CodeIgniter->runController(Object(App\Controllers\Heights))
#10 /var/www/vhosts/saubolmed.kz/lab.saubolmed.kz/system/CodeIgniter.php(366): CodeIgniter\CodeIgniter->handleRequest(NULL, Object(Config\Cache), false)
#11 /var/www/vhosts/saubolmed.kz/lab.saubolmed.kz/public/index.php(67): CodeIgniter\CodeIgniter->run()
#12 {main}
CRITICAL - 2023-09-24 13:06:52 --> Column 'height' cannot be null
in SYSTEMPATH/Database/MySQLi/Connection.php on line 295.
 1 SYSTEMPATH/Database/MySQLi/Connection.php(295): mysqli->query('INSERT INTO `Heights` (`height`, `patient_iin`, `created_at`, `updated_at`) VALUES (NULL, \'840719399121\', \'2023-09-24 13:06:52\', \'2023-09-24 13:06:52\')', 0)
 2 SYSTEMPATH/Database/BaseConnection.php(692): CodeIgniter\Database\MySQLi\Connection->execute('INSERT INTO `Heights` (`height`, `patient_iin`, `created_at`, `updated_at`) VALUES (NULL, \'840719399121\', \'2023-09-24 13:06:52\', \'2023-09-24 13:06:52\')')
 3 SYSTEMPATH/Database/BaseConnection.php(606): CodeIgniter\Database\BaseConnection->simpleQuery('INSERT INTO `Heights` (`height`, `patient_iin`, `created_at`, `updated_at`) VALUES (NULL, \'840719399121\', \'2023-09-24 13:06:52\', \'2023-09-24 13:06:52\')')
 4 SYSTEMPATH/Database/BaseBuilder.php(2309): CodeIgniter\Database\BaseConnection->query('INSERT INTO `Heights` (`height`, `patient_iin`, `created_at`, `updated_at`) VALUES (:height:, :patient_iin:, :created_at:, :updated_at:)', [...], false)
 5 SYSTEMPATH/Model.php(330): CodeIgniter\Database\BaseBuilder->insert()
 6 SYSTEMPATH/BaseModel.php(782): CodeIgniter\Model->doInsert([...])
 7 SYSTEMPATH/Model.php(730): CodeIgniter\BaseModel->insert([...], true)
 8 APPPATH/Controllers/Heights.php(51): CodeIgniter\Model->insert([...])
 9 SYSTEMPATH/CodeIgniter.php(932): App\Controllers\Heights->saveOne()
10 SYSTEMPATH/CodeIgniter.php(497): CodeIgniter\CodeIgniter->runController(Object(App\Controllers\Heights))
11 SYSTEMPATH/CodeIgniter.php(366): CodeIgniter\CodeIgniter->handleRequest(null, Object(Config\Cache), false)
12 FCPATH/index.php(67): CodeIgniter\CodeIgniter->run()
ERROR - 2023-09-24 13:07:34 --> mysqli_sql_exception: Column 'height' cannot be null in /var/www/vhosts/saubolmed.kz/lab.saubolmed.kz/system/Database/MySQLi/Connection.php:295
Stack trace:
#0 /var/www/vhosts/saubolmed.kz/lab.saubolmed.kz/system/Database/MySQLi/Connection.php(295): mysqli->query('INSERT INTO `He...', 0)
#1 /var/www/vhosts/saubolmed.kz/lab.saubolmed.kz/system/Database/BaseConnection.php(692): CodeIgniter\Database\MySQLi\Connection->execute('INSERT INTO `He...')
#2 /var/www/vhosts/saubolmed.kz/lab.saubolmed.kz/system/Database/BaseConnection.php(606): CodeIgniter\Database\BaseConnection->simpleQuery('INSERT INTO `He...')
#3 /var/www/vhosts/saubolmed.kz/lab.saubolmed.kz/system/Database/BaseBuilder.php(2309): CodeIgniter\Database\BaseConnection->query('INSERT INTO `He...', Array, false)
#4 /var/www/vhosts/saubolmed.kz/lab.saubolmed.kz/system/Model.php(330): CodeIgniter\Database\BaseBuilder->insert()
#5 /var/www/vhosts/saubolmed.kz/lab.saubolmed.kz/system/BaseModel.php(782): CodeIgniter\Model->doInsert(Array)
#6 /var/www/vhosts/saubolmed.kz/lab.saubolmed.kz/system/Model.php(730): CodeIgniter\BaseModel->insert(Array, true)
#7 /var/www/vhosts/saubolmed.kz/lab.saubolmed.kz/app/Controllers/Heights.php(51): CodeIgniter\Model->insert(Array)
#8 /var/www/vhosts/saubolmed.kz/lab.saubolmed.kz/system/CodeIgniter.php(932): App\Controllers\Heights->saveOne()
#9 /var/www/vhosts/saubolmed.kz/lab.saubolmed.kz/system/CodeIgniter.php(497): CodeIgniter\CodeIgniter->runController(Object(App\Controllers\Heights))
#10 /var/www/vhosts/saubolmed.kz/lab.saubolmed.kz/system/CodeIgniter.php(366): CodeIgniter\CodeIgniter->handleRequest(NULL, Object(Config\Cache), false)
#11 /var/www/vhosts/saubolmed.kz/lab.saubolmed.kz/public/index.php(67): CodeIgniter\CodeIgniter->run()
#12 {main}
CRITICAL - 2023-09-24 13:07:34 --> Column 'height' cannot be null
in SYSTEMPATH/Database/MySQLi/Connection.php on line 295.
 1 SYSTEMPATH/Database/MySQLi/Connection.php(295): mysqli->query('INSERT INTO `Heights` (`height`, `patient_iin`, `created_at`, `updated_at`) VALUES (NULL, \'840719399121\', \'2023-09-24 13:07:34\', \'2023-09-24 13:07:34\')', 0)
 2 SYSTEMPATH/Database/BaseConnection.php(692): CodeIgniter\Database\MySQLi\Connection->execute('INSERT INTO `Heights` (`height`, `patient_iin`, `created_at`, `updated_at`) VALUES (NULL, \'840719399121\', \'2023-09-24 13:07:34\', \'2023-09-24 13:07:34\')')
 3 SYSTEMPATH/Database/BaseConnection.php(606): CodeIgniter\Database\BaseConnection->simpleQuery('INSERT INTO `Heights` (`height`, `patient_iin`, `created_at`, `updated_at`) VALUES (NULL, \'840719399121\', \'2023-09-24 13:07:34\', \'2023-09-24 13:07:34\')')
 4 SYSTEMPATH/Database/BaseBuilder.php(2309): CodeIgniter\Database\BaseConnection->query('INSERT INTO `Heights` (`height`, `patient_iin`, `created_at`, `updated_at`) VALUES (:height:, :patient_iin:, :created_at:, :updated_at:)', [...], false)
 5 SYSTEMPATH/Model.php(330): CodeIgniter\Database\BaseBuilder->insert()
 6 SYSTEMPATH/BaseModel.php(782): CodeIgniter\Model->doInsert([...])
 7 SYSTEMPATH/Model.php(730): CodeIgniter\BaseModel->insert([...], true)
 8 APPPATH/Controllers/Heights.php(51): CodeIgniter\Model->insert([...])
 9 SYSTEMPATH/CodeIgniter.php(932): App\Controllers\Heights->saveOne()
10 SYSTEMPATH/CodeIgniter.php(497): CodeIgniter\CodeIgniter->runController(Object(App\Controllers\Heights))
11 SYSTEMPATH/CodeIgniter.php(366): CodeIgniter\CodeIgniter->handleRequest(null, Object(Config\Cache), false)
12 FCPATH/index.php(67): CodeIgniter\CodeIgniter->run()
ERROR - 2023-09-24 13:16:38 --> mysqli_sql_exception: Column 'height' cannot be null in /var/www/vhosts/saubolmed.kz/lab.saubolmed.kz/system/Database/MySQLi/Connection.php:295
Stack trace:
#0 /var/www/vhosts/saubolmed.kz/lab.saubolmed.kz/system/Database/MySQLi/Connection.php(295): mysqli->query('INSERT INTO `He...', 0)
#1 /var/www/vhosts/saubolmed.kz/lab.saubolmed.kz/system/Database/BaseConnection.php(692): CodeIgniter\Database\MySQLi\Connection->execute('INSERT INTO `He...')
#2 /var/www/vhosts/saubolmed.kz/lab.saubolmed.kz/system/Database/BaseConnection.php(606): CodeIgniter\Database\BaseConnection->simpleQuery('INSERT INTO `He...')
#3 /var/www/vhosts/saubolmed.kz/lab.saubolmed.kz/system/Database/BaseBuilder.php(2309): CodeIgniter\Database\BaseConnection->query('INSERT INTO `He...', Array, false)
#4 /var/www/vhosts/saubolmed.kz/lab.saubolmed.kz/system/Model.php(330): CodeIgniter\Database\BaseBuilder->insert()
#5 /var/www/vhosts/saubolmed.kz/lab.saubolmed.kz/system/BaseModel.php(782): CodeIgniter\Model->doInsert(Array)
#6 /var/www/vhosts/saubolmed.kz/lab.saubolmed.kz/system/Model.php(730): CodeIgniter\BaseModel->insert(Array, true)
#7 /var/www/vhosts/saubolmed.kz/lab.saubolmed.kz/app/Controllers/Heights.php(51): CodeIgniter\Model->insert(Array)
#8 /var/www/vhosts/saubolmed.kz/lab.saubolmed.kz/system/CodeIgniter.php(932): App\Controllers\Heights->saveOne()
#9 /var/www/vhosts/saubolmed.kz/lab.saubolmed.kz/system/CodeIgniter.php(497): CodeIgniter\CodeIgniter->runController(Object(App\Controllers\Heights))
#10 /var/www/vhosts/saubolmed.kz/lab.saubolmed.kz/system/CodeIgniter.php(366): CodeIgniter\CodeIgniter->handleRequest(NULL, Object(Config\Cache), false)
#11 /var/www/vhosts/saubolmed.kz/lab.saubolmed.kz/public/index.php(67): CodeIgniter\CodeIgniter->run()
#12 {main}
CRITICAL - 2023-09-24 13:16:38 --> Column 'height' cannot be null
in SYSTEMPATH/Database/MySQLi/Connection.php on line 295.
 1 SYSTEMPATH/Database/MySQLi/Connection.php(295): mysqli->query('INSERT INTO `Heights` (`height`, `patient_iin`, `created_at`, `updated_at`) VALUES (NULL, \'840719399121\', \'2023-09-24 13:16:38\', \'2023-09-24 13:16:38\')', 0)
 2 SYSTEMPATH/Database/BaseConnection.php(692): CodeIgniter\Database\MySQLi\Connection->execute('INSERT INTO `Heights` (`height`, `patient_iin`, `created_at`, `updated_at`) VALUES (NULL, \'840719399121\', \'2023-09-24 13:16:38\', \'2023-09-24 13:16:38\')')
 3 SYSTEMPATH/Database/BaseConnection.php(606): CodeIgniter\Database\BaseConnection->simpleQuery('INSERT INTO `Heights` (`height`, `patient_iin`, `created_at`, `updated_at`) VALUES (NULL, \'840719399121\', \'2023-09-24 13:16:38\', \'2023-09-24 13:16:38\')')
 4 SYSTEMPATH/Database/BaseBuilder.php(2309): CodeIgniter\Database\BaseConnection->query('INSERT INTO `Heights` (`height`, `patient_iin`, `created_at`, `updated_at`) VALUES (:height:, :patient_iin:, :created_at:, :updated_at:)', [...], false)
 5 SYSTEMPATH/Model.php(330): CodeIgniter\Database\BaseBuilder->insert()
 6 SYSTEMPATH/BaseModel.php(782): CodeIgniter\Model->doInsert([...])
 7 SYSTEMPATH/Model.php(730): CodeIgniter\BaseModel->insert([...], true)
 8 APPPATH/Controllers/Heights.php(51): CodeIgniter\Model->insert([...])
 9 SYSTEMPATH/CodeIgniter.php(932): App\Controllers\Heights->saveOne()
10 SYSTEMPATH/CodeIgniter.php(497): CodeIgniter\CodeIgniter->runController(Object(App\Controllers\Heights))
11 SYSTEMPATH/CodeIgniter.php(366): CodeIgniter\CodeIgniter->handleRequest(null, Object(Config\Cache), false)
12 FCPATH/index.php(67): CodeIgniter\CodeIgniter->run()
ERROR - 2023-09-24 13:45:27 --> mysqli_sql_exception: Column 'height' cannot be null in /var/www/vhosts/saubolmed.kz/lab.saubolmed.kz/system/Database/MySQLi/Connection.php:295
Stack trace:
#0 /var/www/vhosts/saubolmed.kz/lab.saubolmed.kz/system/Database/MySQLi/Connection.php(295): mysqli->query('INSERT INTO `He...', 0)
#1 /var/www/vhosts/saubolmed.kz/lab.saubolmed.kz/system/Database/BaseConnection.php(692): CodeIgniter\Database\MySQLi\Connection->execute('INSERT INTO `He...')
#2 /var/www/vhosts/saubolmed.kz/lab.saubolmed.kz/system/Database/BaseConnection.php(606): CodeIgniter\Database\BaseConnection->simpleQuery('INSERT INTO `He...')
#3 /var/www/vhosts/saubolmed.kz/lab.saubolmed.kz/system/Database/BaseBuilder.php(2309): CodeIgniter\Database\BaseConnection->query('INSERT INTO `He...', Array, false)
#4 /var/www/vhosts/saubolmed.kz/lab.saubolmed.kz/system/Model.php(330): CodeIgniter\Database\BaseBuilder->insert()
#5 /var/www/vhosts/saubolmed.kz/lab.saubolmed.kz/system/BaseModel.php(782): CodeIgniter\Model->doInsert(Array)
#6 /var/www/vhosts/saubolmed.kz/lab.saubolmed.kz/system/Model.php(730): CodeIgniter\BaseModel->insert(Array, true)
#7 /var/www/vhosts/saubolmed.kz/lab.saubolmed.kz/app/Controllers/Heights.php(51): CodeIgniter\Model->insert(Array)
#8 /var/www/vhosts/saubolmed.kz/lab.saubolmed.kz/system/CodeIgniter.php(932): App\Controllers\Heights->saveOne()
#9 /var/www/vhosts/saubolmed.kz/lab.saubolmed.kz/system/CodeIgniter.php(497): CodeIgniter\CodeIgniter->runController(Object(App\Controllers\Heights))
#10 /var/www/vhosts/saubolmed.kz/lab.saubolmed.kz/system/CodeIgniter.php(366): CodeIgniter\CodeIgniter->handleRequest(NULL, Object(Config\Cache), false)
#11 /var/www/vhosts/saubolmed.kz/lab.saubolmed.kz/public/index.php(67): CodeIgniter\CodeIgniter->run()
#12 {main}
CRITICAL - 2023-09-24 13:45:27 --> Column 'height' cannot be null
in SYSTEMPATH/Database/MySQLi/Connection.php on line 295.
 1 SYSTEMPATH/Database/MySQLi/Connection.php(295): mysqli->query('INSERT INTO `Heights` (`height`, `patient_iin`, `created_at`, `updated_at`) VALUES (NULL, \'840719399121\', \'2023-09-24 13:45:27\', \'2023-09-24 13:45:27\')', 0)
 2 SYSTEMPATH/Database/BaseConnection.php(692): CodeIgniter\Database\MySQLi\Connection->execute('INSERT INTO `Heights` (`height`, `patient_iin`, `created_at`, `updated_at`) VALUES (NULL, \'840719399121\', \'2023-09-24 13:45:27\', \'2023-09-24 13:45:27\')')
 3 SYSTEMPATH/Database/BaseConnection.php(606): CodeIgniter\Database\BaseConnection->simpleQuery('INSERT INTO `Heights` (`height`, `patient_iin`, `created_at`, `updated_at`) VALUES (NULL, \'840719399121\', \'2023-09-24 13:45:27\', \'2023-09-24 13:45:27\')')
 4 SYSTEMPATH/Database/BaseBuilder.php(2309): CodeIgniter\Database\BaseConnection->query('INSERT INTO `Heights` (`height`, `patient_iin`, `created_at`, `updated_at`) VALUES (:height:, :patient_iin:, :created_at:, :updated_at:)', [...], false)
 5 SYSTEMPATH/Model.php(330): CodeIgniter\Database\BaseBuilder->insert()
 6 SYSTEMPATH/BaseModel.php(782): CodeIgniter\Model->doInsert([...])
 7 SYSTEMPATH/Model.php(730): CodeIgniter\BaseModel->insert([...], true)
 8 APPPATH/Controllers/Heights.php(51): CodeIgniter\Model->insert([...])
 9 SYSTEMPATH/CodeIgniter.php(932): App\Controllers\Heights->saveOne()
10 SYSTEMPATH/CodeIgniter.php(497): CodeIgniter\CodeIgniter->runController(Object(App\Controllers\Heights))
11 SYSTEMPATH/CodeIgniter.php(366): CodeIgniter\CodeIgniter->handleRequest(null, Object(Config\Cache), false)
12 FCPATH/index.php(67): CodeIgniter\CodeIgniter->run()
ERROR - 2023-09-24 13:46:16 --> mysqli_sql_exception: Column 'height' cannot be null in /var/www/vhosts/saubolmed.kz/lab.saubolmed.kz/system/Database/MySQLi/Connection.php:295
Stack trace:
#0 /var/www/vhosts/saubolmed.kz/lab.saubolmed.kz/system/Database/MySQLi/Connection.php(295): mysqli->query('INSERT INTO `He...', 0)
#1 /var/www/vhosts/saubolmed.kz/lab.saubolmed.kz/system/Database/BaseConnection.php(692): CodeIgniter\Database\MySQLi\Connection->execute('INSERT INTO `He...')
#2 /var/www/vhosts/saubolmed.kz/lab.saubolmed.kz/system/Database/BaseConnection.php(606): CodeIgniter\Database\BaseConnection->simpleQuery('INSERT INTO `He...')
#3 /var/www/vhosts/saubolmed.kz/lab.saubolmed.kz/system/Database/BaseBuilder.php(2309): CodeIgniter\Database\BaseConnection->query('INSERT INTO `He...', Array, false)
#4 /var/www/vhosts/saubolmed.kz/lab.saubolmed.kz/system/Model.php(330): CodeIgniter\Database\BaseBuilder->insert()
#5 /var/www/vhosts/saubolmed.kz/lab.saubolmed.kz/system/BaseModel.php(782): CodeIgniter\Model->doInsert(Array)
#6 /var/www/vhosts/saubolmed.kz/lab.saubolmed.kz/system/Model.php(730): CodeIgniter\BaseModel->insert(Array, true)
#7 /var/www/vhosts/saubolmed.kz/lab.saubolmed.kz/app/Controllers/Heights.php(51): CodeIgniter\Model->insert(Array)
#8 /var/www/vhosts/saubolmed.kz/lab.saubolmed.kz/system/CodeIgniter.php(932): App\Controllers\Heights->saveOne()
#9 /var/www/vhosts/saubolmed.kz/lab.saubolmed.kz/system/CodeIgniter.php(497): CodeIgniter\CodeIgniter->runController(Object(App\Controllers\Heights))
#10 /var/www/vhosts/saubolmed.kz/lab.saubolmed.kz/system/CodeIgniter.php(366): CodeIgniter\CodeIgniter->handleRequest(NULL, Object(Config\Cache), false)
#11 /var/www/vhosts/saubolmed.kz/lab.saubolmed.kz/public/index.php(67): CodeIgniter\CodeIgniter->run()
#12 {main}
CRITICAL - 2023-09-24 13:46:16 --> Column 'height' cannot be null
in SYSTEMPATH/Database/MySQLi/Connection.php on line 295.
 1 SYSTEMPATH/Database/MySQLi/Connection.php(295): mysqli->query('INSERT INTO `Heights` (`height`, `patient_iin`, `created_at`, `updated_at`) VALUES (NULL, \'840719399121\', \'2023-09-24 13:46:16\', \'2023-09-24 13:46:16\')', 0)
 2 SYSTEMPATH/Database/BaseConnection.php(692): CodeIgniter\Database\MySQLi\Connection->execute('INSERT INTO `Heights` (`height`, `patient_iin`, `created_at`, `updated_at`) VALUES (NULL, \'840719399121\', \'2023-09-24 13:46:16\', \'2023-09-24 13:46:16\')')
 3 SYSTEMPATH/Database/BaseConnection.php(606): CodeIgniter\Database\BaseConnection->simpleQuery('INSERT INTO `Heights` (`height`, `patient_iin`, `created_at`, `updated_at`) VALUES (NULL, \'840719399121\', \'2023-09-24 13:46:16\', \'2023-09-24 13:46:16\')')
 4 SYSTEMPATH/Database/BaseBuilder.php(2309): CodeIgniter\Database\BaseConnection->query('INSERT INTO `Heights` (`height`, `patient_iin`, `created_at`, `updated_at`) VALUES (:height:, :patient_iin:, :created_at:, :updated_at:)', [...], false)
 5 SYSTEMPATH/Model.php(330): CodeIgniter\Database\BaseBuilder->insert()
 6 SYSTEMPATH/BaseModel.php(782): CodeIgniter\Model->doInsert([...])
 7 SYSTEMPATH/Model.php(730): CodeIgniter\BaseModel->insert([...], true)
 8 APPPATH/Controllers/Heights.php(51): CodeIgniter\Model->insert([...])
 9 SYSTEMPATH/CodeIgniter.php(932): App\Controllers\Heights->saveOne()
10 SYSTEMPATH/CodeIgniter.php(497): CodeIgniter\CodeIgniter->runController(Object(App\Controllers\Heights))
11 SYSTEMPATH/CodeIgniter.php(366): CodeIgniter\CodeIgniter->handleRequest(null, Object(Config\Cache), false)
12 FCPATH/index.php(67): CodeIgniter\CodeIgniter->run()
ERROR - 2023-09-24 13:46:45 --> mysqli_sql_exception: Column 'height' cannot be null in /var/www/vhosts/saubolmed.kz/lab.saubolmed.kz/system/Database/MySQLi/Connection.php:295
Stack trace:
#0 /var/www/vhosts/saubolmed.kz/lab.saubolmed.kz/system/Database/MySQLi/Connection.php(295): mysqli->query('INSERT INTO `He...', 0)
#1 /var/www/vhosts/saubolmed.kz/lab.saubolmed.kz/system/Database/BaseConnection.php(692): CodeIgniter\Database\MySQLi\Connection->execute('INSERT INTO `He...')
#2 /var/www/vhosts/saubolmed.kz/lab.saubolmed.kz/system/Database/BaseConnection.php(606): CodeIgniter\Database\BaseConnection->simpleQuery('INSERT INTO `He...')
#3 /var/www/vhosts/saubolmed.kz/lab.saubolmed.kz/system/Database/BaseBuilder.php(2309): CodeIgniter\Database\BaseConnection->query('INSERT INTO `He...', Array, false)
#4 /var/www/vhosts/saubolmed.kz/lab.saubolmed.kz/system/Model.php(330): CodeIgniter\Database\BaseBuilder->insert()
#5 /var/www/vhosts/saubolmed.kz/lab.saubolmed.kz/system/BaseModel.php(782): CodeIgniter\Model->doInsert(Array)
#6 /var/www/vhosts/saubolmed.kz/lab.saubolmed.kz/system/Model.php(730): CodeIgniter\BaseModel->insert(Array, true)
#7 /var/www/vhosts/saubolmed.kz/lab.saubolmed.kz/app/Controllers/Heights.php(51): CodeIgniter\Model->insert(Array)
#8 /var/www/vhosts/saubolmed.kz/lab.saubolmed.kz/system/CodeIgniter.php(932): App\Controllers\Heights->saveOne()
#9 /var/www/vhosts/saubolmed.kz/lab.saubolmed.kz/system/CodeIgniter.php(497): CodeIgniter\CodeIgniter->runController(Object(App\Controllers\Heights))
#10 /var/www/vhosts/saubolmed.kz/lab.saubolmed.kz/system/CodeIgniter.php(366): CodeIgniter\CodeIgniter->handleRequest(NULL, Object(Config\Cache), false)
#11 /var/www/vhosts/saubolmed.kz/lab.saubolmed.kz/public/index.php(67): CodeIgniter\CodeIgniter->run()
#12 {main}
CRITICAL - 2023-09-24 13:46:45 --> Column 'height' cannot be null
in SYSTEMPATH/Database/MySQLi/Connection.php on line 295.
 1 SYSTEMPATH/Database/MySQLi/Connection.php(295): mysqli->query('INSERT INTO `Heights` (`height`, `patient_iin`, `created_at`, `updated_at`) VALUES (NULL, \'840719399121\', \'2023-09-24 13:46:45\', \'2023-09-24 13:46:45\')', 0)
 2 SYSTEMPATH/Database/BaseConnection.php(692): CodeIgniter\Database\MySQLi\Connection->execute('INSERT INTO `Heights` (`height`, `patient_iin`, `created_at`, `updated_at`) VALUES (NULL, \'840719399121\', \'2023-09-24 13:46:45\', \'2023-09-24 13:46:45\')')
 3 SYSTEMPATH/Database/BaseConnection.php(606): CodeIgniter\Database\BaseConnection->simpleQuery('INSERT INTO `Heights` (`height`, `patient_iin`, `created_at`, `updated_at`) VALUES (NULL, \'840719399121\', \'2023-09-24 13:46:45\', \'2023-09-24 13:46:45\')')
 4 SYSTEMPATH/Database/BaseBuilder.php(2309): CodeIgniter\Database\BaseConnection->query('INSERT INTO `Heights` (`height`, `patient_iin`, `created_at`, `updated_at`) VALUES (:height:, :patient_iin:, :created_at:, :updated_at:)', [...], false)
 5 SYSTEMPATH/Model.php(330): CodeIgniter\Database\BaseBuilder->insert()
 6 SYSTEMPATH/BaseModel.php(782): CodeIgniter\Model->doInsert([...])
 7 SYSTEMPATH/Model.php(730): CodeIgniter\BaseModel->insert([...], true)
 8 APPPATH/Controllers/Heights.php(51): CodeIgniter\Model->insert([...])
 9 SYSTEMPATH/CodeIgniter.php(932): App\Controllers\Heights->saveOne()
10 SYSTEMPATH/CodeIgniter.php(497): CodeIgniter\CodeIgniter->runController(Object(App\Controllers\Heights))
11 SYSTEMPATH/CodeIgniter.php(366): CodeIgniter\CodeIgniter->handleRequest(null, Object(Config\Cache), false)
12 FCPATH/index.php(67): CodeIgniter\CodeIgniter->run()
ERROR - 2023-09-24 13:47:09 --> mysqli_sql_exception: Column 'height' cannot be null in /var/www/vhosts/saubolmed.kz/lab.saubolmed.kz/system/Database/MySQLi/Connection.php:295
Stack trace:
#0 /var/www/vhosts/saubolmed.kz/lab.saubolmed.kz/system/Database/MySQLi/Connection.php(295): mysqli->query('INSERT INTO `He...', 0)
#1 /var/www/vhosts/saubolmed.kz/lab.saubolmed.kz/system/Database/BaseConnection.php(692): CodeIgniter\Database\MySQLi\Connection->execute('INSERT INTO `He...')
#2 /var/www/vhosts/saubolmed.kz/lab.saubolmed.kz/system/Database/BaseConnection.php(606): CodeIgniter\Database\BaseConnection->simpleQuery('INSERT INTO `He...')
#3 /var/www/vhosts/saubolmed.kz/lab.saubolmed.kz/system/Database/BaseBuilder.php(2309): CodeIgniter\Database\BaseConnection->query('INSERT INTO `He...', Array, false)
#4 /var/www/vhosts/saubolmed.kz/lab.saubolmed.kz/system/Model.php(330): CodeIgniter\Database\BaseBuilder->insert()
#5 /var/www/vhosts/saubolmed.kz/lab.saubolmed.kz/system/BaseModel.php(782): CodeIgniter\Model->doInsert(Array)
#6 /var/www/vhosts/saubolmed.kz/lab.saubolmed.kz/system/Model.php(730): CodeIgniter\BaseModel->insert(Array, true)
#7 /var/www/vhosts/saubolmed.kz/lab.saubolmed.kz/app/Controllers/Heights.php(51): CodeIgniter\Model->insert(Array)
#8 /var/www/vhosts/saubolmed.kz/lab.saubolmed.kz/system/CodeIgniter.php(932): App\Controllers\Heights->saveOne()
#9 /var/www/vhosts/saubolmed.kz/lab.saubolmed.kz/system/CodeIgniter.php(497): CodeIgniter\CodeIgniter->runController(Object(App\Controllers\Heights))
#10 /var/www/vhosts/saubolmed.kz/lab.saubolmed.kz/system/CodeIgniter.php(366): CodeIgniter\CodeIgniter->handleRequest(NULL, Object(Config\Cache), false)
#11 /var/www/vhosts/saubolmed.kz/lab.saubolmed.kz/public/index.php(67): CodeIgniter\CodeIgniter->run()
#12 {main}
CRITICAL - 2023-09-24 13:47:09 --> Column 'height' cannot be null
in SYSTEMPATH/Database/MySQLi/Connection.php on line 295.
 1 SYSTEMPATH/Database/MySQLi/Connection.php(295): mysqli->query('INSERT INTO `Heights` (`height`, `patient_iin`, `created_at`, `updated_at`) VALUES (NULL, \'840719399121\', \'2023-09-24 13:47:09\', \'2023-09-24 13:47:09\')', 0)
 2 SYSTEMPATH/Database/BaseConnection.php(692): CodeIgniter\Database\MySQLi\Connection->execute('INSERT INTO `Heights` (`height`, `patient_iin`, `created_at`, `updated_at`) VALUES (NULL, \'840719399121\', \'2023-09-24 13:47:09\', \'2023-09-24 13:47:09\')')
 3 SYSTEMPATH/Database/BaseConnection.php(606): CodeIgniter\Database\BaseConnection->simpleQuery('INSERT INTO `Heights` (`height`, `patient_iin`, `created_at`, `updated_at`) VALUES (NULL, \'840719399121\', \'2023-09-24 13:47:09\', \'2023-09-24 13:47:09\')')
 4 SYSTEMPATH/Database/BaseBuilder.php(2309): CodeIgniter\Database\BaseConnection->query('INSERT INTO `Heights` (`height`, `patient_iin`, `created_at`, `updated_at`) VALUES (:height:, :patient_iin:, :created_at:, :updated_at:)', [...], false)
 5 SYSTEMPATH/Model.php(330): CodeIgniter\Database\BaseBuilder->insert()
 6 SYSTEMPATH/BaseModel.php(782): CodeIgniter\Model->doInsert([...])
 7 SYSTEMPATH/Model.php(730): CodeIgniter\BaseModel->insert([...], true)
 8 APPPATH/Controllers/Heights.php(51): CodeIgniter\Model->insert([...])
 9 SYSTEMPATH/CodeIgniter.php(932): App\Controllers\Heights->saveOne()
10 SYSTEMPATH/CodeIgniter.php(497): CodeIgniter\CodeIgniter->runController(Object(App\Controllers\Heights))
11 SYSTEMPATH/CodeIgniter.php(366): CodeIgniter\CodeIgniter->handleRequest(null, Object(Config\Cache), false)
12 FCPATH/index.php(67): CodeIgniter\CodeIgniter->run()
ERROR - 2023-09-24 13:47:54 --> mysqli_sql_exception: Column 'height' cannot be null in /var/www/vhosts/saubolmed.kz/lab.saubolmed.kz/system/Database/MySQLi/Connection.php:295
Stack trace:
#0 /var/www/vhosts/saubolmed.kz/lab.saubolmed.kz/system/Database/MySQLi/Connection.php(295): mysqli->query('INSERT INTO `He...', 0)
#1 /var/www/vhosts/saubolmed.kz/lab.saubolmed.kz/system/Database/BaseConnection.php(692): CodeIgniter\Database\MySQLi\Connection->execute('INSERT INTO `He...')
#2 /var/www/vhosts/saubolmed.kz/lab.saubolmed.kz/system/Database/BaseConnection.php(606): CodeIgniter\Database\BaseConnection->simpleQuery('INSERT INTO `He...')
#3 /var/www/vhosts/saubolmed.kz/lab.saubolmed.kz/system/Database/BaseBuilder.php(2309): CodeIgniter\Database\BaseConnection->query('INSERT INTO `He...', Array, false)
#4 /var/www/vhosts/saubolmed.kz/lab.saubolmed.kz/system/Model.php(330): CodeIgniter\Database\BaseBuilder->insert()
#5 /var/www/vhosts/saubolmed.kz/lab.saubolmed.kz/system/BaseModel.php(782): CodeIgniter\Model->doInsert(Array)
#6 /var/www/vhosts/saubolmed.kz/lab.saubolmed.kz/system/Model.php(730): CodeIgniter\BaseModel->insert(Array, true)
#7 /var/www/vhosts/saubolmed.kz/lab.saubolmed.kz/app/Controllers/Heights.php(51): CodeIgniter\Model->insert(Array)
#8 /var/www/vhosts/saubolmed.kz/lab.saubolmed.kz/system/CodeIgniter.php(932): App\Controllers\Heights->saveOne()
#9 /var/www/vhosts/saubolmed.kz/lab.saubolmed.kz/system/CodeIgniter.php(497): CodeIgniter\CodeIgniter->runController(Object(App\Controllers\Heights))
#10 /var/www/vhosts/saubolmed.kz/lab.saubolmed.kz/system/CodeIgniter.php(366): CodeIgniter\CodeIgniter->handleRequest(NULL, Object(Config\Cache), false)
#11 /var/www/vhosts/saubolmed.kz/lab.saubolmed.kz/public/index.php(67): CodeIgniter\CodeIgniter->run()
#12 {main}
CRITICAL - 2023-09-24 13:47:54 --> Column 'height' cannot be null
in SYSTEMPATH/Database/MySQLi/Connection.php on line 295.
 1 SYSTEMPATH/Database/MySQLi/Connection.php(295): mysqli->query('INSERT INTO `Heights` (`height`, `patient_iin`, `created_at`, `updated_at`) VALUES (NULL, \'840719399121\', \'2023-09-24 13:47:54\', \'2023-09-24 13:47:54\')', 0)
 2 SYSTEMPATH/Database/BaseConnection.php(692): CodeIgniter\Database\MySQLi\Connection->execute('INSERT INTO `Heights` (`height`, `patient_iin`, `created_at`, `updated_at`) VALUES (NULL, \'840719399121\', \'2023-09-24 13:47:54\', \'2023-09-24 13:47:54\')')
 3 SYSTEMPATH/Database/BaseConnection.php(606): CodeIgniter\Database\BaseConnection->simpleQuery('INSERT INTO `Heights` (`height`, `patient_iin`, `created_at`, `updated_at`) VALUES (NULL, \'840719399121\', \'2023-09-24 13:47:54\', \'2023-09-24 13:47:54\')')
 4 SYSTEMPATH/Database/BaseBuilder.php(2309): CodeIgniter\Database\BaseConnection->query('INSERT INTO `Heights` (`height`, `patient_iin`, `created_at`, `updated_at`) VALUES (:height:, :patient_iin:, :created_at:, :updated_at:)', [...], false)
 5 SYSTEMPATH/Model.php(330): CodeIgniter\Database\BaseBuilder->insert()
 6 SYSTEMPATH/BaseModel.php(782): CodeIgniter\Model->doInsert([...])
 7 SYSTEMPATH/Model.php(730): CodeIgniter\BaseModel->insert([...], true)
 8 APPPATH/Controllers/Heights.php(51): CodeIgniter\Model->insert([...])
 9 SYSTEMPATH/CodeIgniter.php(932): App\Controllers\Heights->saveOne()
10 SYSTEMPATH/CodeIgniter.php(497): CodeIgniter\CodeIgniter->runController(Object(App\Controllers\Heights))
11 SYSTEMPATH/CodeIgniter.php(366): CodeIgniter\CodeIgniter->handleRequest(null, Object(Config\Cache), false)
12 FCPATH/index.php(67): CodeIgniter\CodeIgniter->run()
